18:19:04.342 [main] TRACE - Finished loading type system org.apache.xmlbeans.metadata.system.sXMLLANG
18:19:04.357 [main] TRACE - Reading unresolved handles for type system org.apache.xmlbeans.metadata.system.sXMLCONFIG
18:19:04.358 [main] TRACE - Finished loading type system org.apache.xmlbeans.metadata.system.sXMLCONFIG
18:19:04.359 [main] TRACE - Reading unresolved handles for type system org.apache.poi.schemas.ooxml.system.ooxml
18:19:04.405 [main] TRACE - Finished loading type system org.apache.poi.schemas.ooxml.system.ooxml
18:19:04.406 [main] TRACE - Resolving type for handle themefd26doctype
18:19:04.447 [main] TRACE - Resolving type for handle stylesheet5d8bdoctype
18:19:04.450 [main] TRACE - Resolving type for handle ctstylesheet4257type
18:19:04.452 [main] TRACE - Resolving type for handle ctnumfmtsb58btype
18:19:04.454 [main] TRACE - Resolving type for handle ctfonts6623type
18:19:04.455 [main] TRACE - Resolving type for handle ctfont14d8type
18:19:04.458 [main] TRACE - Resolving type for handle ctfills2c6ftype
18:19:04.459 [main] TRACE - Resolving type for handle ctfill550ctype
18:19:04.460 [main] TRACE - Resolving type for handle ctborders0d66type
18:19:04.462 [main] TRACE - Resolving type for handle ctborderf935type
18:19:04.463 [main] TRACE - Resolving type for handle ctcellxfs1322type
18:19:04.464 [main] TRACE - Resolving type for handle ctxf97f7type
18:19:04.466 [main] TRACE - Resolving type for handle ctcellstylexfsa81ftype
18:19:04.467 [main] TRACE - Resolving type for handle ctdxfsb26atype
18:19:04.469 [main] TRACE - Resolving type for handle cttablestyles872ftype
18:19:04.471 [main] TRACE - Resolving type for handle sstf81fdoctype
18:19:04.476 [main] TRACE - Resolving type for handle ctsst44f3type
18:19:04.484 [main] TRACE - Resolving type for handle ctrsta472type
18:19:04.503 [main] TRACE - Resolving type for handle workbookec17doctype
18:19:04.507 [main] TRACE - Resolving type for handle ctworkbook83c3type
18:19:04.512 [main] TRACE - Resolving type for handle ctsheets49fdtype
18:19:04.514 [main] TRACE - Resolving type for handle ctsheet4dbetype
18:19:04.516 [main] TRACE - Resolving type for handle strelationshipid1e94type
18:19:04.519 [main] TRACE - Resolving type for handle worksheetf539doctype
18:19:04.522 [main] TRACE - Resolving type for handle ctworksheet530dtype
18:19:04.528 [main] TRACE - Resolving type for handle ctsheetdata8408type
18:19:04.534 [main] TRACE - Resolving type for handle ctcols627ctype
18:19:04.543 [main] TRACE - Resolving type for handle ctrowdd39type
18:19:04.548 [main] TRACE - Resolving type for handle ctcell842btype
18:19:04.556 [main] TRACE - Resolving type for handle stcellrefe4e0type
18:19:04.583 [main] TRACE - Resolving type for handle stxstringf179type
18:19:04.587 [main] TRACE - Resolving type for handle ctsheetformatprdef7type
18:19:04.590 [main] TRACE - Resolving type for handle ctsheetviewsb918type
18:19:04.592 [main] TRACE - Resolving type for handle ctsheetview0f43type
18:19:04.598 [main] TRACE - Resolving type for handle ctsheetdimensiond310type
18:19:04.601 [main] TRACE - Resolving type for handle stref90a2type
18:19:04.603 [main] TRACE - Resolving type for handle ctpagemargins5455type
18:19:04.610 [main] TRACE - Resolving type for handle stcelltypebf95type
18:22:39.322 [main] DEBUG - Parsing relationship: /xl/_rels/workbook.xml.rels
18:22:39.326 [main] DEBUG - Parsing relationship: /_rels/.rels
18:22:39.444 [main] TRACE - Loading type system org.apache.poi.schemas.ooxml.system.ooxml
18:22:39.446 [main] TRACE - Loading type system org.apache.xmlbeans.metadata.system.sXMLCONFIG
18:22:39.446 [main] TRACE - Loading type system org.apache.xmlbeans.metadata.system.sXMLLANG
18:22:39.447 [main] TRACE - Loading type system org.apache.xmlbeans.metadata.system.sXMLSCHEMA
18:22:39.447 [main] TRACE - Loading type system org.apache.xmlbeans.metadata.system.sXMLTOOLS
18:22:39.448 [main] TRACE - Reading unresolved handles for type system org.apache.xmlbeans.metadata.system.sXMLTOOLS
18:22:39.461 [main] TRACE - Finished loading type system org.apache.xmlbeans.metadata.system.sXMLTOOLS
18:22:39.462 [main] TRACE - Reading unresolved handles for type system org.apache.xmlbeans.metadata.system.sXMLSCHEMA
18:22:39.464 [main] TRACE - Finished loading type system org.apache.xmlbeans.metadata.system.sXMLSCHEMA
18:22:39.466 [main] TRACE - Reading unresolved handles for type system org.apache.xmlbeans.metadata.system.sXMLLANG
18:22:39.467 [main] TRACE - Finished loading type system org.apache.xmlbeans.metadata.system.sXMLLANG
18:22:39.468 [main] TRACE - Reading unresolved handles for type system org.apache.xmlbeans.metadata.system.sXMLCONFIG
18:22:39.469 [main] TRACE - Finished loading type system org.apache.xmlbeans.metadata.system.sXMLCONFIG
18:22:39.470 [main] TRACE - Reading unresolved handles for type system org.apache.poi.schemas.ooxml.system.ooxml
18:22:39.504 [main] TRACE - Finished loading type system org.apache.poi.schemas.ooxml.system.ooxml
18:22:39.504 [main] TRACE - Resolving type for handle themefd26doctype
18:22:39.556 [main] TRACE - Resolving type for handle stylesheet5d8bdoctype
18:22:39.559 [main] TRACE - Resolving type for handle ctstylesheet4257type
18:22:39.562 [main] TRACE - Resolving type for handle ctnumfmtsb58btype
18:22:39.564 [main] TRACE - Resolving type for handle ctfonts6623type
18:22:39.566 [main] TRACE - Resolving type for handle ctfont14d8type
18:22:39.570 [main] TRACE - Resolving type for handle ctfills2c6ftype
18:22:39.572 [main] TRACE - Resolving type for handle ctfill550ctype
18:22:39.573 [main] TRACE - Resolving type for handle ctborders0d66type
18:22:39.575 [main] TRACE - Resolving type for handle ctborderf935type
18:22:39.576 [main] TRACE - Resolving type for handle ctcellxfs1322type
18:22:39.578 [main] TRACE - Resolving type for handle ctxf97f7type
18:22:39.579 [main] TRACE - Resolving type for handle ctcellstylexfsa81ftype
18:22:39.581 [main] TRACE - Resolving type for handle ctdxfsb26atype
18:22:39.583 [main] TRACE - Resolving type for handle cttablestyles872ftype
18:22:39.586 [main] TRACE - Resolving type for handle sstf81fdoctype
18:22:39.591 [main] TRACE - Resolving type for handle ctsst44f3type
18:22:39.603 [main] TRACE - Resolving type for handle ctrsta472type
18:22:39.626 [main] TRACE - Resolving type for handle workbookec17doctype
18:22:39.630 [main] TRACE - Resolving type for handle ctworkbook83c3type
18:22:39.636 [main] TRACE - Resolving type for handle ctsheets49fdtype
18:22:39.638 [main] TRACE - Resolving type for handle ctsheet4dbetype
18:22:39.640 [main] TRACE - Resolving type for handle strelationshipid1e94type
18:22:39.642 [main] TRACE - Resolving type for handle worksheetf539doctype
18:22:39.648 [main] TRACE - Resolving type for handle ctworksheet530dtype
18:22:39.652 [main] TRACE - Resolving type for handle ctsheetdata8408type
18:22:39.659 [main] TRACE - Resolving type for handle ctcols627ctype
18:22:39.670 [main] TRACE - Resolving type for handle ctrowdd39type
18:22:39.678 [main] TRACE - Resolving type for handle ctcell842btype
18:22:39.685 [main] TRACE - Resolving type for handle stcellrefe4e0type
18:22:39.721 [main] TRACE - Resolving type for handle stxstringf179type
18:22:39.728 [main] TRACE - Resolving type for handle ctsheetformatprdef7type
18:22:39.735 [main] TRACE - Resolving type for handle ctsheetviewsb918type
18:22:39.738 [main] TRACE - Resolving type for handle ctsheetview0f43type
18:22:39.746 [main] TRACE - Resolving type for handle ctsheetdimensiond310type
18:22:39.748 [main] TRACE - Resolving type for handle stref90a2type
18:22:39.751 [main] TRACE - Resolving type for handle ctpagemargins5455type
18:22:39.761 [main] TRACE - Resolving type for handle stcelltypebf95type
18:22:39.811 [main] TRACE - Resolving type for handle stcellstylexfid70c7type
18:22:39.855 [main] TRACE - Resolving type for handle propertiesee84doctype
18:22:39.859 [main] TRACE - Resolving type for handle ctproperties3f10type
18:22:39.869 [main] TRACE - Resolving type for handle properties288cdoctype
18:22:39.871 [main] TRACE - Resolving type for handle ctproperties2c18type
18:22:39.886 [main] DEBUG - Save content types part
18:22:39.947 [main] DEBUG - Save package relationships
18:22:39.953 [main] DEBUG - Save part 'docProps/app.xml'
18:22:39.954 [main] DEBUG - Save part 'docProps/core.xml'
18:22:39.957 [main] DEBUG - Save part 'xl/sharedStrings.xml'
18:22:39.957 [main] DEBUG - Save part 'xl/styles.xml'
18:22:39.957 [main] DEBUG - Save part 'xl/theme/theme1.xml'
18:22:39.958 [main] DEBUG - Save part 'xl/workbook.xml'
18:22:39.959 [main] DEBUG - Save part 'xl/worksheets/sheet1.xml'
18:22:39.960 [main] DEBUG - Save part 'xl/worksheets/sheet2.xml'
18:22:39.960 [main] DEBUG - Save part 'xl/worksheets/sheet3.xml'
18:22:39.960 [main] DEBUG - Save part 'xl/worksheets/sheet4.xml'
18:22:39.961 [main] DEBUG - Save part 'xl/worksheets/sheet5.xml'
18:22:39.961 [main] DEBUG - Save part 'xl/worksheets/sheet6.xml'
18:22:39.962 [main] DEBUG - Save part 'xl/worksheets/sheet7.xml'
18:22:39.962 [main] DEBUG - Save part 'xl/worksheets/sheet8.xml'
18:22:39.962 [main] DEBUG - Save part 'xl/worksheets/sheet9.xml'
18:22:39.962 [main] DEBUG - Save part 'xl/worksheets/sheet10.xml'
18:22:40.581 [main] DEBUG - Parsing relationship: /xl/_rels/workbook.xml.rels
18:22:40.582 [main] DEBUG - Parsing relationship: /_rels/.rels
18:22:40.612 [main] DEBUG - Save content types part
18:22:40.613 [main] DEBUG - Save package relationships
18:22:40.614 [main] DEBUG - Save part 'docProps/app.xml'
18:22:40.614 [main] DEBUG - Save part 'docProps/core.xml'
18:22:40.615 [main] DEBUG - Save part 'xl/sharedStrings.xml'
18:22:40.615 [main] DEBUG - Save part 'xl/styles.xml'
18:22:40.615 [main] DEBUG - Save part 'xl/theme/theme1.xml'
18:22:40.615 [main] DEBUG - Save part 'xl/workbook.xml'
18:22:40.616 [main] DEBUG - Save part 'xl/worksheets/sheet1.xml'
18:22:40.616 [main] DEBUG - Save part 'xl/worksheets/sheet2.xml'
18:22:40.617 [main] DEBUG - Save part 'xl/worksheets/sheet3.xml'
18:22:40.617 [main] DEBUG - Save part 'xl/worksheets/sheet4.xml'
18:22:40.617 [main] DEBUG - Save part 'xl/worksheets/sheet5.xml'
18:22:40.617 [main] DEBUG - Save part 'xl/worksheets/sheet6.xml'
18:22:40.617 [main] DEBUG - Save part 'xl/worksheets/sheet7.xml'
18:22:40.617 [main] DEBUG - Save part 'xl/worksheets/sheet8.xml'
18:22:40.617 [main] DEBUG - Save part 'xl/worksheets/sheet9.xml'
18:22:40.617 [main] DEBUG - Save part 'xl/worksheets/sheet10.xml'
18:22:40.618 [main] DEBUG - Save part 'xl/worksheets/sheet11.xml'
18:26:37.299 [main] DEBUG - Parsing relationship: /xl/_rels/workbook.xml.rels
18:26:37.308 [main] DEBUG - Parsing relationship: /_rels/.rels
18:26:37.429 [main] TRACE - Loading type system org.apache.poi.schemas.ooxml.system.ooxml
18:26:37.432 [main] TRACE - Loading type system org.apache.xmlbeans.metadata.system.sXMLCONFIG
18:26:37.433 [main] TRACE - Loading type system org.apache.xmlbeans.metadata.system.sXMLLANG
18:26:37.433 [main] TRACE - Loading type system org.apache.xmlbeans.metadata.system.sXMLSCHEMA
18:26:37.434 [main] TRACE - Loading type system org.apache.xmlbeans.metadata.system.sXMLTOOLS
18:26:37.434 [main] TRACE - Reading unresolved handles for type system org.apache.xmlbeans.metadata.system.sXMLTOOLS
18:26:37.440 [main] TRACE - Finished loading type system org.apache.xmlbeans.metadata.system.sXMLTOOLS
18:26:37.440 [main] TRACE - Reading unresolved handles for type system org.apache.xmlbeans.metadata.system.sXMLSCHEMA
18:26:37.448 [main] TRACE - Finished loading type system org.apache.xmlbeans.metadata.system.sXMLSCHEMA
18:26:37.449 [main] TRACE - Reading unresolved handles for type system org.apache.xmlbeans.metadata.system.sXMLLANG
18:26:37.450 [main] TRACE - Finished loading type system org.apache.xmlbeans.metadata.system.sXMLLANG
18:26:37.450 [main] TRACE - Reading unresolved handles for type system org.apache.xmlbeans.metadata.system.sXMLCONFIG
18:26:37.450 [main] TRACE - Finished loading type system org.apache.xmlbeans.metadata.system.sXMLCONFIG
18:26:37.450 [main] TRACE - Reading unresolved handles for type system org.apache.poi.schemas.ooxml.system.ooxml
18:26:37.492 [main] TRACE - Finished loading type system org.apache.poi.schemas.ooxml.system.ooxml
18:26:37.492 [main] TRACE - Resolving type for handle themefd26doctype
18:26:37.548 [main] TRACE - Resolving type for handle stylesheet5d8bdoctype
18:26:37.552 [main] TRACE - Resolving type for handle ctstylesheet4257type
18:26:37.556 [main] TRACE - Resolving type for handle ctnumfmtsb58btype
18:26:37.558 [main] TRACE - Resolving type for handle ctfonts6623type
18:26:37.559 [main] TRACE - Resolving type for handle ctfont14d8type
18:26:37.564 [main] TRACE - Resolving type for handle ctfills2c6ftype
18:26:37.564 [main] TRACE - Resolving type for handle ctfill550ctype
18:26:37.564 [main] TRACE - Resolving type for handle ctborders0d66type
18:26:37.564 [main] TRACE - Resolving type for handle ctborderf935type
18:26:37.570 [main] TRACE - Resolving type for handle ctcellxfs1322type
18:26:37.570 [main] TRACE - Resolving type for handle ctxf97f7type
18:26:37.570 [main] TRACE - Resolving type for handle ctcellstylexfsa81ftype
18:26:37.575 [main] TRACE - Resolving type for handle ctdxfsb26atype
18:26:37.575 [main] TRACE - Resolving type for handle cttablestyles872ftype
18:26:37.582 [main] TRACE - Resolving type for handle sstf81fdoctype
18:26:37.586 [main] TRACE - Resolving type for handle ctsst44f3type
18:26:37.598 [main] TRACE - Resolving type for handle ctrsta472type
18:26:37.621 [main] TRACE - Resolving type for handle workbookec17doctype
18:26:37.625 [main] TRACE - Resolving type for handle ctworkbook83c3type
18:26:37.625 [main] TRACE - Resolving type for handle ctsheets49fdtype
18:26:37.625 [main] TRACE - Resolving type for handle ctsheet4dbetype
18:26:37.625 [main] TRACE - Resolving type for handle strelationshipid1e94type
18:26:37.625 [main] TRACE - Resolving type for handle worksheetf539doctype
18:26:37.625 [main] TRACE - Resolving type for handle ctworksheet530dtype
18:26:37.625 [main] TRACE - Resolving type for handle ctsheetdata8408type
18:26:37.641 [main] TRACE - Resolving type for handle ctcols627ctype
18:26:37.641 [main] TRACE - Resolving type for handle ctrowdd39type
18:26:37.657 [main] TRACE - Resolving type for handle ctcell842btype
18:26:37.657 [main] TRACE - Resolving type for handle stcellrefe4e0type
18:26:37.688 [main] TRACE - Resolving type for handle stxstringf179type
18:26:37.688 [main] TRACE - Resolving type for handle ctsheetformatprdef7type
18:26:37.688 [main] TRACE - Resolving type for handle ctsheetviewsb918type
18:26:37.688 [main] TRACE - Resolving type for handle ctsheetview0f43type
18:26:37.706 [main] TRACE - Resolving type for handle ctsheetdimensiond310type
18:26:37.708 [main] TRACE - Resolving type for handle stref90a2type
18:26:37.708 [main] TRACE - Resolving type for handle ctpagemargins5455type
18:26:37.708 [main] TRACE - Resolving type for handle stcelltypebf95type
18:26:37.724 [main] TRACE - Resolving type for handle stcellstylexfid70c7type
18:26:37.739 [main] TRACE - Resolving type for handle propertiesee84doctype
18:26:37.739 [main] TRACE - Resolving type for handle ctproperties3f10type
18:26:37.757 [main] TRACE - Resolving type for handle properties288cdoctype
18:26:37.758 [main] TRACE - Resolving type for handle ctproperties2c18type
18:26:37.769 [main] DEBUG - Save content types part
18:26:37.809 [main] DEBUG - Save package relationships
18:26:37.812 [main] DEBUG - Save part 'docProps/app.xml'
18:26:37.813 [main] DEBUG - Save part 'docProps/core.xml'
18:26:37.814 [main] DEBUG - Save part 'xl/sharedStrings.xml'
18:26:37.814 [main] DEBUG - Save part 'xl/styles.xml'
18:26:37.814 [main] DEBUG - Save part 'xl/theme/theme1.xml'
18:26:37.814 [main] DEBUG - Save part 'xl/workbook.xml'
18:26:37.814 [main] DEBUG - Save part 'xl/worksheets/sheet1.xml'
18:26:37.814 [main] DEBUG - Save part 'xl/worksheets/sheet2.xml'
18:26:37.814 [main] DEBUG - Save part 'xl/worksheets/sheet3.xml'
18:26:37.814 [main] DEBUG - Save part 'xl/worksheets/sheet4.xml'
18:26:37.814 [main] DEBUG - Save part 'xl/worksheets/sheet5.xml'
18:26:37.814 [main] DEBUG - Save part 'xl/worksheets/sheet6.xml'
18:26:37.814 [main] DEBUG - Save part 'xl/worksheets/sheet7.xml'
18:26:37.814 [main] DEBUG - Save part 'xl/worksheets/sheet8.xml'
18:26:37.814 [main] DEBUG - Save part 'xl/worksheets/sheet9.xml'
18:26:37.814 [main] DEBUG - Save part 'xl/worksheets/sheet10.xml'
18:26:37.814 [main] DEBUG - Save part 'xl/worksheets/sheet11.xml'
18:26:37.814 [main] DEBUG - Save part 'xl/worksheets/sheet12.xml'
18:26:38.376 [main] DEBUG - Parsing relationship: /xl/_rels/workbook.xml.rels
18:26:38.377 [main] DEBUG - Parsing relationship: /_rels/.rels
18:26:38.414 [main] DEBUG - Save content types part
18:26:38.415 [main] DEBUG - Save package relationships
18:26:38.416 [main] DEBUG - Save part 'docProps/app.xml'
18:26:38.416 [main] DEBUG - Save part 'docProps/core.xml'
18:26:38.417 [main] DEBUG - Save part 'xl/sharedStrings.xml'
18:26:38.418 [main] DEBUG - Save part 'xl/styles.xml'
18:26:38.418 [main] DEBUG - Save part 'xl/theme/theme1.xml'
18:26:38.418 [main] DEBUG - Save part 'xl/workbook.xml'
18:26:38.419 [main] DEBUG - Save part 'xl/worksheets/sheet1.xml'
18:26:38.420 [main] DEBUG - Save part 'xl/worksheets/sheet2.xml'
18:26:38.420 [main] DEBUG - Save part 'xl/worksheets/sheet3.xml'
18:26:38.420 [main] DEBUG - Save part 'xl/worksheets/sheet4.xml'
18:26:38.420 [main] DEBUG - Save part 'xl/worksheets/sheet5.xml'
18:26:38.420 [main] DEBUG - Save part 'xl/worksheets/sheet6.xml'
18:26:38.420 [main] DEBUG - Save part 'xl/worksheets/sheet7.xml'
18:26:38.420 [main] DEBUG - Save part 'xl/worksheets/sheet8.xml'
18:26:38.421 [main] DEBUG - Save part 'xl/worksheets/sheet9.xml'
18:26:38.421 [main] DEBUG - Save part 'xl/worksheets/sheet10.xml'
18:26:38.421 [main] DEBUG - Save part 'xl/worksheets/sheet11.xml'
18:26:38.421 [main] DEBUG - Save part 'xl/worksheets/sheet12.xml'
18:26:38.421 [main] DEBUG - Save part 'xl/worksheets/sheet13.xml'
23:39:51.551 [main] DEBUG - Parsing relationship: /xl/_rels/workbook.xml.rels
23:39:51.557 [main] DEBUG - Parsing relationship: /_rels/.rels
23:39:51.741 [main] TRACE - Loading type system org.apache.poi.schemas.ooxml.system.ooxml
23:39:51.745 [main] TRACE - Loading type system org.apache.xmlbeans.metadata.system.sXMLCONFIG
23:39:51.745 [main] TRACE - Loading type system org.apache.xmlbeans.metadata.system.sXMLLANG
23:39:51.746 [main] TRACE - Loading type system org.apache.xmlbeans.metadata.system.sXMLSCHEMA
23:39:51.747 [main] TRACE - Loading type system org.apache.xmlbeans.metadata.system.sXMLTOOLS
23:39:51.748 [main] TRACE - Reading unresolved handles for type system org.apache.xmlbeans.metadata.system.sXMLTOOLS
23:39:51.770 [main] TRACE - Finished loading type system org.apache.xmlbeans.metadata.system.sXMLTOOLS
23:39:51.771 [main] TRACE - Reading unresolved handles for type system org.apache.xmlbeans.metadata.system.sXMLSCHEMA
23:39:51.777 [main] TRACE - Finished loading type system org.apache.xmlbeans.metadata.system.sXMLSCHEMA
23:39:51.778 [main] TRACE - Reading unresolved handles for type system org.apache.xmlbeans.metadata.system.sXMLLANG
23:39:51.779 [main] TRACE - Finished loading type system org.apache.xmlbeans.metadata.system.sXMLLANG
23:39:51.781 [main] TRACE - Reading unresolved handles for type system org.apache.xmlbeans.metadata.system.sXMLCONFIG
23:39:51.783 [main] TRACE - Finished loading type system org.apache.xmlbeans.metadata.system.sXMLCONFIG
23:39:51.785 [main] TRACE - Reading unresolved handles for type system org.apache.poi.schemas.ooxml.system.ooxml
23:39:51.832 [main] TRACE - Finished loading type system org.apache.poi.schemas.ooxml.system.ooxml
23:39:51.833 [main] TRACE - Resolving type for handle themefd26doctype
23:39:51.916 [main] TRACE - Resolving type for handle stylesheet5d8bdoctype
23:39:51.919 [main] TRACE - Resolving type for handle ctstylesheet4257type
23:39:51.924 [main] TRACE - Resolving type for handle ctfonts6623type
23:39:51.926 [main] TRACE - Resolving type for handle ctfont14d8type
23:39:51.930 [main] TRACE - Resolving type for handle ctfills2c6ftype
23:39:51.931 [main] TRACE - Resolving type for handle ctfill550ctype
23:39:51.933 [main] TRACE - Resolving type for handle ctborders0d66type
23:39:51.936 [main] TRACE - Resolving type for handle ctborderf935type
23:39:51.938 [main] TRACE - Resolving type for handle ctcellxfs1322type
23:39:51.939 [main] TRACE - Resolving type for handle ctxf97f7type
23:39:51.941 [main] TRACE - Resolving type for handle ctcellstylexfsa81ftype
23:39:51.942 [main] TRACE - Resolving type for handle ctdxfsb26atype
23:39:51.944 [main] TRACE - Resolving type for handle cttablestyles872ftype
23:39:51.949 [main] TRACE - Resolving type for handle sstf81fdoctype
23:39:51.953 [main] TRACE - Resolving type for handle ctsst44f3type
23:39:51.966 [main] TRACE - Resolving type for handle ctrsta472type
23:39:51.999 [main] TRACE - Resolving type for handle workbookec17doctype
23:39:52.004 [main] TRACE - Resolving type for handle ctworkbook83c3type
23:39:52.019 [main] TRACE - Resolving type for handle ctsheets49fdtype
23:39:52.022 [main] TRACE - Resolving type for handle ctsheet4dbetype
23:39:52.027 [main] TRACE - Resolving type for handle strelationshipid1e94type
23:39:52.030 [main] TRACE - Resolving type for handle worksheetf539doctype
23:39:52.034 [main] TRACE - Resolving type for handle ctworksheet530dtype
23:39:52.057 [main] TRACE - Resolving type for handle ctsheetdata8408type
23:39:52.064 [main] TRACE - Resolving type for handle ctcols627ctype
23:39:52.077 [main] TRACE - Resolving type for handle ctrowdd39type
23:39:52.091 [main] TRACE - Resolving type for handle ctcell842btype
23:39:52.099 [main] TRACE - Resolving type for handle stcellrefe4e0type
23:39:52.144 [main] TRACE - Resolving type for handle stxstringf179type
23:39:52.151 [main] TRACE - Resolving type for handle ctsheetformatprdef7type
23:39:52.163 [main] TRACE - Resolving type for handle ctsheetviewsb918type
23:39:52.166 [main] TRACE - Resolving type for handle ctsheetview0f43type
23:39:52.176 [main] TRACE - Resolving type for handle ctsheetdimensiond310type
23:39:52.179 [main] TRACE - Resolving type for handle stref90a2type
23:39:52.181 [main] TRACE - Resolving type for handle ctpagemargins5455type
23:39:52.185 [main] TRACE - Resolving type for handle stcelltypebf95type
23:39:52.217 [main] TRACE - Resolving type for handle ctnumfmtsb58btype
23:39:52.226 [main] TRACE - Resolving type for handle stcellstylexfid70c7type
23:39:52.258 [main] TRACE - Resolving type for handle propertiesee84doctype
23:39:52.261 [main] TRACE - Resolving type for handle ctproperties3f10type
23:39:52.268 [main] TRACE - Resolving type for handle properties288cdoctype
23:39:52.270 [main] TRACE - Resolving type for handle ctproperties2c18type
23:39:52.288 [main] DEBUG - Save content types part
23:39:52.362 [main] DEBUG - Save package relationships
23:39:52.367 [main] DEBUG - Save part 'docProps/app.xml'
23:39:52.367 [main] DEBUG - Save part 'docProps/core.xml'
23:39:52.371 [main] DEBUG - Save part 'xl/sharedStrings.xml'
23:39:52.371 [main] DEBUG - Save part 'xl/styles.xml'
23:39:52.371 [main] DEBUG - Save part 'xl/theme/theme1.xml'
23:39:52.372 [main] DEBUG - Save part 'xl/workbook.xml'
23:39:52.373 [main] DEBUG - Save part 'xl/worksheets/sheet1.xml'
23:39:52.373 [main] DEBUG - Save part 'xl/worksheets/sheet2.xml'
23:39:52.374 [main] DEBUG - Save part 'xl/worksheets/sheet3.xml'
23:39:52.374 [main] DEBUG - Save part 'xl/worksheets/sheet4.xml'
23:39:52.374 [main] DEBUG - Save part 'xl/worksheets/sheet5.xml'
23:39:52.374 [main] DEBUG - Save part 'xl/worksheets/sheet6.xml'
23:39:52.374 [main] DEBUG - Save part 'xl/worksheets/sheet7.xml'
23:39:52.375 [main] DEBUG - Save part 'xl/worksheets/sheet8.xml'
23:39:52.375 [main] DEBUG - Save part 'xl/worksheets/sheet9.xml'
23:39:52.375 [main] DEBUG - Save part 'xl/worksheets/sheet10.xml'
23:39:52.992 [main] DEBUG - Parsing relationship: /xl/_rels/workbook.xml.rels
23:39:52.993 [main] DEBUG - Parsing relationship: /_rels/.rels
23:39:53.036 [main] DEBUG - Save content types part
23:39:53.038 [main] DEBUG - Save package relationships
23:39:53.040 [main] DEBUG - Save part 'docProps/app.xml'
23:39:53.040 [main] DEBUG - Save part 'docProps/core.xml'
23:39:53.042 [main] DEBUG - Save part 'xl/sharedStrings.xml'
23:39:53.042 [main] DEBUG - Save part 'xl/styles.xml'
23:39:53.042 [main] DEBUG - Save part 'xl/theme/theme1.xml'
23:39:53.043 [main] DEBUG - Save part 'xl/workbook.xml'
23:39:53.048 [main] DEBUG - Save part 'xl/worksheets/sheet1.xml'
23:39:53.049 [main] DEBUG - Save part 'xl/worksheets/sheet2.xml'
23:39:53.049 [main] DEBUG - Save part 'xl/worksheets/sheet3.xml'
23:39:53.049 [main] DEBUG - Save part 'xl/worksheets/sheet4.xml'
23:39:53.049 [main] DEBUG - Save part 'xl/worksheets/sheet5.xml'
23:39:53.049 [main] DEBUG - Save part 'xl/worksheets/sheet6.xml'
23:39:53.050 [main] DEBUG - Save part 'xl/worksheets/sheet7.xml'
23:39:53.050 [main] DEBUG - Save part 'xl/worksheets/sheet8.xml'
23:39:53.050 [main] DEBUG - Save part 'xl/worksheets/sheet9.xml'
23:39:53.050 [main] DEBUG - Save part 'xl/worksheets/sheet10.xml'
23:39:53.050 [main] DEBUG - Save part 'xl/worksheets/sheet11.xml'
23:42:39.783 [main] DEBUG - Parsing relationship: /xl/_rels/workbook.xml.rels
23:42:39.788 [main] DEBUG - Parsing relationship: /_rels/.rels
23:42:39.897 [main] TRACE - Loading type system org.apache.poi.schemas.ooxml.system.ooxml
23:42:39.899 [main] TRACE - Loading type system org.apache.xmlbeans.metadata.system.sXMLCONFIG
23:42:39.900 [main] TRACE - Loading type system org.apache.xmlbeans.metadata.system.sXMLLANG
23:42:39.900 [main] TRACE - Loading type system org.apache.xmlbeans.metadata.system.sXMLSCHEMA
23:42:39.900 [main] TRACE - Loading type system org.apache.xmlbeans.metadata.system.sXMLTOOLS
23:42:39.901 [main] TRACE - Reading unresolved handles for type system org.apache.xmlbeans.metadata.system.sXMLTOOLS
23:42:39.909 [main] TRACE - Finished loading type system org.apache.xmlbeans.metadata.system.sXMLTOOLS
23:42:39.910 [main] TRACE - Reading unresolved handles for type system org.apache.xmlbeans.metadata.system.sXMLSCHEMA
23:42:39.912 [main] TRACE - Finished loading type system org.apache.xmlbeans.metadata.system.sXMLSCHEMA
23:42:39.913 [main] TRACE - Reading unresolved handles for type system org.apache.xmlbeans.metadata.system.sXMLLANG
23:42:39.913 [main] TRACE - Finished loading type system org.apache.xmlbeans.metadata.system.sXMLLANG
23:42:39.914 [main] TRACE - Reading unresolved handles for type system org.apache.xmlbeans.metadata.system.sXMLCONFIG
23:42:39.917 [main] TRACE - Finished loading type system org.apache.xmlbeans.metadata.system.sXMLCONFIG
23:42:39.917 [main] TRACE - Reading unresolved handles for type system org.apache.poi.schemas.ooxml.system.ooxml
23:42:39.950 [main] TRACE - Finished loading type system org.apache.poi.schemas.ooxml.system.ooxml
23:42:39.953 [main] TRACE - Resolving type for handle themefd26doctype
23:42:40.010 [main] TRACE - Resolving type for handle stylesheet5d8bdoctype
23:42:40.013 [main] TRACE - Resolving type for handle ctstylesheet4257type
23:42:40.015 [main] TRACE - Resolving type for handle ctnumfmtsb58btype
23:42:40.016 [main] TRACE - Resolving type for handle ctfonts6623type
23:42:40.018 [main] TRACE - Resolving type for handle ctfont14d8type
23:42:40.022 [main] TRACE - Resolving type for handle ctfills2c6ftype
23:42:40.024 [main] TRACE - Resolving type for handle ctfill550ctype
23:42:40.025 [main] TRACE - Resolving type for handle ctborders0d66type
23:42:40.026 [main] TRACE - Resolving type for handle ctborderf935type
23:42:40.028 [main] TRACE - Resolving type for handle ctcellxfs1322type
23:42:40.029 [main] TRACE - Resolving type for handle ctxf97f7type
23:42:40.032 [main] TRACE - Resolving type for handle ctcellstylexfsa81ftype
23:42:40.033 [main] TRACE - Resolving type for handle ctdxfsb26atype
23:42:40.035 [main] TRACE - Resolving type for handle cttablestyles872ftype
23:42:40.040 [main] TRACE - Resolving type for handle sstf81fdoctype
23:42:40.044 [main] TRACE - Resolving type for handle ctsst44f3type
23:42:40.053 [main] TRACE - Resolving type for handle ctrsta472type
23:42:40.072 [main] TRACE - Resolving type for handle workbookec17doctype
23:42:40.077 [main] TRACE - Resolving type for handle ctworkbook83c3type
23:42:40.089 [main] TRACE - Resolving type for handle ctsheets49fdtype
23:42:40.091 [main] TRACE - Resolving type for handle ctsheet4dbetype
23:42:40.093 [main] TRACE - Resolving type for handle strelationshipid1e94type
23:42:40.095 [main] TRACE - Resolving type for handle worksheetf539doctype
23:42:40.099 [main] TRACE - Resolving type for handle ctworksheet530dtype
23:42:40.112 [main] TRACE - Resolving type for handle ctsheetdata8408type
23:42:40.121 [main] TRACE - Resolving type for handle ctcols627ctype
23:42:40.134 [main] TRACE - Resolving type for handle ctrowdd39type
23:42:40.161 [main] TRACE - Resolving type for handle ctcell842btype
23:42:40.171 [main] TRACE - Resolving type for handle stcellrefe4e0type
23:42:40.233 [main] TRACE - Resolving type for handle stxstringf179type
23:42:40.240 [main] TRACE - Resolving type for handle ctsheetformatprdef7type
23:42:40.248 [main] TRACE - Resolving type for handle ctsheetviewsb918type
23:42:40.250 [main] TRACE - Resolving type for handle ctsheetview0f43type
23:42:40.256 [main] TRACE - Resolving type for handle ctsheetdimensiond310type
23:42:40.258 [main] TRACE - Resolving type for handle stref90a2type
23:42:40.261 [main] TRACE - Resolving type for handle ctpagemargins5455type
23:42:40.273 [main] TRACE - Resolving type for handle stcelltypebf95type
23:42:40.309 [main] TRACE - Resolving type for handle stcellstylexfid70c7type
23:42:40.348 [main] TRACE - Resolving type for handle propertiesee84doctype
23:42:40.350 [main] TRACE - Resolving type for handle ctproperties3f10type
23:42:40.362 [main] TRACE - Resolving type for handle properties288cdoctype
23:42:40.363 [main] TRACE - Resolving type for handle ctproperties2c18type
23:42:40.381 [main] DEBUG - Save content types part
23:42:40.465 [main] DEBUG - Save package relationships
23:42:40.470 [main] DEBUG - Save part 'docProps/app.xml'
23:42:40.471 [main] DEBUG - Save part 'docProps/core.xml'
23:42:40.473 [main] DEBUG - Save part 'xl/sharedStrings.xml'
23:42:40.474 [main] DEBUG - Save part 'xl/styles.xml'
23:42:40.474 [main] DEBUG - Save part 'xl/theme/theme1.xml'
23:42:40.475 [main] DEBUG - Save part 'xl/workbook.xml'
23:42:40.476 [main] DEBUG - Save part 'xl/worksheets/sheet1.xml'
23:42:40.477 [main] DEBUG - Save part 'xl/worksheets/sheet2.xml'
23:42:40.477 [main] DEBUG - Save part 'xl/worksheets/sheet3.xml'
23:42:40.477 [main] DEBUG - Save part 'xl/worksheets/sheet4.xml'
23:42:40.477 [main] DEBUG - Save part 'xl/worksheets/sheet5.xml'
23:42:40.477 [main] DEBUG - Save part 'xl/worksheets/sheet6.xml'
23:42:40.478 [main] DEBUG - Save part 'xl/worksheets/sheet7.xml'
23:42:40.478 [main] DEBUG - Save part 'xl/worksheets/sheet8.xml'
23:42:40.478 [main] DEBUG - Save part 'xl/worksheets/sheet9.xml'
23:42:40.478 [main] DEBUG - Save part 'xl/worksheets/sheet10.xml'
23:42:40.478 [main] DEBUG - Save part 'xl/worksheets/sheet11.xml'
23:42:40.478 [main] DEBUG - Save part 'xl/worksheets/sheet12.xml'
23:42:41.138 [main] DEBUG - Parsing relationship: /xl/_rels/workbook.xml.rels
23:42:41.141 [main] DEBUG - Parsing relationship: /_rels/.rels
23:42:41.203 [main] DEBUG - Save content types part
23:42:41.204 [main] DEBUG - Save package relationships
23:42:41.205 [main] DEBUG - Save part 'docProps/app.xml'
23:42:41.205 [main] DEBUG - Save part 'docProps/core.xml'
23:42:41.206 [main] DEBUG - Save part 'xl/sharedStrings.xml'
23:42:41.206 [main] DEBUG - Save part 'xl/styles.xml'
23:42:41.207 [main] DEBUG - Save part 'xl/theme/theme1.xml'
23:42:41.207 [main] DEBUG - Save part 'xl/workbook.xml'
23:42:41.208 [main] DEBUG - Save part 'xl/worksheets/sheet1.xml'
23:42:41.208 [main] DEBUG - Save part 'xl/worksheets/sheet2.xml'
23:42:41.209 [main] DEBUG - Save part 'xl/worksheets/sheet3.xml'
23:42:41.209 [main] DEBUG - Save part 'xl/worksheets/sheet4.xml'
23:42:41.209 [main] DEBUG - Save part 'xl/worksheets/sheet5.xml'
23:42:41.209 [main] DEBUG - Save part 'xl/worksheets/sheet6.xml'
23:42:41.209 [main] DEBUG - Save part 'xl/worksheets/sheet7.xml'
23:42:41.209 [main] DEBUG - Save part 'xl/worksheets/sheet8.xml'
23:42:41.210 [main] DEBUG - Save part 'xl/worksheets/sheet9.xml'
23:42:41.210 [main] DEBUG - Save part 'xl/worksheets/sheet10.xml'
23:42:41.210 [main] DEBUG - Save part 'xl/worksheets/sheet11.xml'
23:42:41.210 [main] DEBUG - Save part 'xl/worksheets/sheet12.xml'
23:42:41.210 [main] DEBUG - Save part 'xl/worksheets/sheet13.xml'
23:42:47.171 [main] TRACE - Resolving type for handle ctworkbookpr03a5type
23:42:47.182 [main] TRACE - Resolving type for handle ctbookviewsb864type
23:42:47.186 [main] TRACE - Resolving type for handle ctbookviewf677type
23:42:47.194 [main] TRACE - Resolving type for handle ctfontsizeb3b9type
23:42:47.197 [main] TRACE - Resolving type for handle ctcolord2c2type
23:42:47.204 [main] TRACE - Resolving type for handle ctfontname2dc3type
23:42:47.210 [main] TRACE - Resolving type for handle ctfontfamily685ctype
23:42:47.213 [main] TRACE - Resolving type for handle stfontfamily9c6ctype
23:42:47.218 [main] TRACE - Resolving type for handle ctfontschemebf5dtype
23:42:47.226 [main] TRACE - Resolving type for handle stfontschemef36dtype
23:42:47.230 [main] TRACE - Resolving type for handle ctpatternfill7452type
23:42:47.238 [main] TRACE - Resolving type for handle stpatterntype7939type
23:42:47.241 [main] TRACE - Resolving type for handle ctborderpre497type
23:42:47.246 [main] TRACE - Resolving type for handle stnumfmtid76fbtype
23:42:47.249 [main] TRACE - Resolving type for handle stfontid9d63type
23:42:47.252 [main] TRACE - Resolving type for handle stfillida097type
23:42:47.254 [main] TRACE - Resolving type for handle stborderid1a80type
23:42:47.266 [main] DEBUG - Save core properties part
23:42:47.267 [main] DEBUG - Save content types part
23:42:47.269 [main] DEBUG - Save package relationships
23:42:47.271 [main] DEBUG - Save part 'docProps/app.xml'
23:42:47.272 [main] DEBUG - Save part 'docProps/core.xml'
23:42:47.273 [main] DEBUG - Save part 'xl/sharedStrings.xml'
23:42:47.274 [main] DEBUG - Save part 'xl/styles.xml'
23:42:47.274 [main] DEBUG - Save part 'xl/workbook.xml'
23:42:47.275 [main] DEBUG - Save part 'xl/worksheets/sheet1.xml'
23:42:47.276 [main] DEBUG - Save content types part
23:42:47.277 [main] DEBUG - Save package relationships
23:42:47.278 [main] DEBUG - Save part 'docProps/app.xml'
23:42:47.278 [main] DEBUG - Save part 'docProps/core.xml'
23:42:47.282 [main] DEBUG - Save part 'xl/sharedStrings.xml'
23:42:47.283 [main] DEBUG - Save part 'xl/styles.xml'
23:42:47.283 [main] DEBUG - Save part 'xl/workbook.xml'
23:42:47.287 [main] DEBUG - Save part 'xl/worksheets/sheet1.xml'
23:42:48.366 [main] DEBUG - Save core properties part
23:42:48.367 [main] DEBUG - Save content types part
23:42:48.368 [main] DEBUG - Save package relationships
23:42:48.369 [main] DEBUG - Save part 'docProps/app.xml'
23:42:48.369 [main] DEBUG - Save part 'docProps/core.xml'
23:42:48.370 [main] DEBUG - Save part 'xl/sharedStrings.xml'
23:42:48.370 [main] DEBUG - Save part 'xl/styles.xml'
23:42:48.370 [main] DEBUG - Save part 'xl/workbook.xml'
23:42:48.371 [main] DEBUG - Save part 'xl/worksheets/sheet1.xml'
23:42:48.371 [main] DEBUG - Save content types part
23:42:48.372 [main] DEBUG - Save package relationships
23:42:48.372 [main] DEBUG - Save part 'docProps/app.xml'
23:42:48.372 [main] DEBUG - Save part 'docProps/core.xml'
23:42:48.373 [main] DEBUG - Save part 'xl/sharedStrings.xml'
23:42:48.373 [main] DEBUG - Save part 'xl/styles.xml'
23:42:48.373 [main] DEBUG - Save part 'xl/workbook.xml'
23:42:48.374 [main] DEBUG - Save part 'xl/worksheets/sheet1.xml'
23:52:57.279 [main] DEBUG - Parsing relationship: /xl/_rels/workbook.xml.rels
23:52:57.287 [main] DEBUG - Parsing relationship: /_rels/.rels
23:52:57.424 [main] TRACE - Loading type system org.apache.poi.schemas.ooxml.system.ooxml
23:52:57.426 [main] TRACE - Loading type system org.apache.xmlbeans.metadata.system.sXMLCONFIG
23:52:57.427 [main] TRACE - Loading type system org.apache.xmlbeans.metadata.system.sXMLLANG
23:52:57.428 [main] TRACE - Loading type system org.apache.xmlbeans.metadata.system.sXMLSCHEMA
23:52:57.428 [main] TRACE - Loading type system org.apache.xmlbeans.metadata.system.sXMLTOOLS
23:52:57.430 [main] TRACE - Reading unresolved handles for type system org.apache.xmlbeans.metadata.system.sXMLTOOLS
23:52:57.439 [main] TRACE - Finished loading type system org.apache.xmlbeans.metadata.system.sXMLTOOLS
23:52:57.440 [main] TRACE - Reading unresolved handles for type system org.apache.xmlbeans.metadata.system.sXMLSCHEMA
23:52:57.442 [main] TRACE - Finished loading type system org.apache.xmlbeans.metadata.system.sXMLSCHEMA
23:52:57.443 [main] TRACE - Reading unresolved handles for type system org.apache.xmlbeans.metadata.system.sXMLLANG
23:52:57.444 [main] TRACE - Finished loading type system org.apache.xmlbeans.metadata.system.sXMLLANG
23:52:57.444 [main] TRACE - Reading unresolved handles for type system org.apache.xmlbeans.metadata.system.sXMLCONFIG
23:52:57.445 [main] TRACE - Finished loading type system org.apache.xmlbeans.metadata.system.sXMLCONFIG
23:52:57.446 [main] TRACE - Reading unresolved handles for type system org.apache.poi.schemas.ooxml.system.ooxml
23:52:57.488 [main] TRACE - Finished loading type system org.apache.poi.schemas.ooxml.system.ooxml
23:52:57.489 [main] TRACE - Resolving type for handle themefd26doctype
23:52:57.561 [main] TRACE - Resolving type for handle stylesheet5d8bdoctype
23:52:57.566 [main] TRACE - Resolving type for handle ctstylesheet4257type
23:52:57.568 [main] TRACE - Resolving type for handle ctnumfmtsb58btype
23:52:57.570 [main] TRACE - Resolving type for handle ctfonts6623type
23:52:57.571 [main] TRACE - Resolving type for handle ctfont14d8type
23:52:57.574 [main] TRACE - Resolving type for handle ctfills2c6ftype
23:52:57.575 [main] TRACE - Resolving type for handle ctfill550ctype
23:52:57.576 [main] TRACE - Resolving type for handle ctborders0d66type
23:52:57.578 [main] TRACE - Resolving type for handle ctborderf935type
23:52:57.579 [main] TRACE - Resolving type for handle ctcellxfs1322type
23:52:57.581 [main] TRACE - Resolving type for handle ctxf97f7type
23:52:57.582 [main] TRACE - Resolving type for handle ctcellstylexfsa81ftype
23:52:57.583 [main] TRACE - Resolving type for handle ctdxfsb26atype
23:52:57.586 [main] TRACE - Resolving type for handle cttablestyles872ftype
23:52:57.591 [main] TRACE - Resolving type for handle sstf81fdoctype
23:52:57.595 [main] TRACE - Resolving type for handle ctsst44f3type
23:52:57.605 [main] TRACE - Resolving type for handle ctrsta472type
23:52:57.623 [main] TRACE - Resolving type for handle workbookec17doctype
23:52:57.627 [main] TRACE - Resolving type for handle ctworkbook83c3type
23:52:57.635 [main] TRACE - Resolving type for handle ctsheets49fdtype
23:52:57.640 [main] TRACE - Resolving type for handle ctsheet4dbetype
23:52:57.644 [main] TRACE - Resolving type for handle strelationshipid1e94type
23:52:57.647 [main] TRACE - Resolving type for handle worksheetf539doctype
23:52:57.653 [main] TRACE - Resolving type for handle ctworksheet530dtype
23:52:57.661 [main] TRACE - Resolving type for handle ctsheetdata8408type
23:52:57.666 [main] TRACE - Resolving type for handle ctcols627ctype
23:52:57.679 [main] TRACE - Resolving type for handle ctrowdd39type
23:52:57.702 [main] TRACE - Resolving type for handle ctcell842btype
23:52:57.714 [main] TRACE - Resolving type for handle stcellrefe4e0type
23:52:57.759 [main] TRACE - Resolving type for handle stxstringf179type
23:52:57.767 [main] TRACE - Resolving type for handle ctsheetformatprdef7type
23:52:57.785 [main] TRACE - Resolving type for handle ctsheetviewsb918type
23:52:57.789 [main] TRACE - Resolving type for handle ctsheetview0f43type
23:52:57.794 [main] TRACE - Resolving type for handle ctsheetdimensiond310type
23:52:57.795 [main] TRACE - Resolving type for handle stref90a2type
23:52:57.796 [main] TRACE - Resolving type for handle ctpagemargins5455type
23:52:57.803 [main] TRACE - Resolving type for handle stcelltypebf95type
23:52:57.840 [main] TRACE - Resolving type for handle stcellstylexfid70c7type
23:52:57.897 [main] TRACE - Resolving type for handle propertiesee84doctype
23:52:57.900 [main] TRACE - Resolving type for handle ctproperties3f10type
23:52:57.932 [main] TRACE - Resolving type for handle properties288cdoctype
23:52:57.933 [main] TRACE - Resolving type for handle ctproperties2c18type
23:52:57.964 [main] DEBUG - Save content types part
23:52:58.062 [main] DEBUG - Save package relationships
23:52:58.074 [main] DEBUG - Save part 'docProps/app.xml'
23:52:58.075 [main] DEBUG - Save part 'docProps/core.xml'
23:52:58.080 [main] DEBUG - Save part 'xl/sharedStrings.xml'
23:52:58.081 [main] DEBUG - Save part 'xl/styles.xml'
23:52:58.081 [main] DEBUG - Save part 'xl/theme/theme1.xml'
23:52:58.082 [main] DEBUG - Save part 'xl/workbook.xml'
23:52:58.085 [main] DEBUG - Save part 'xl/worksheets/sheet1.xml'
23:52:58.086 [main] DEBUG - Save part 'xl/worksheets/sheet2.xml'
23:52:58.086 [main] DEBUG - Save part 'xl/worksheets/sheet3.xml'
23:52:58.087 [main] DEBUG - Save part 'xl/worksheets/sheet4.xml'
23:52:58.088 [main] DEBUG - Save part 'xl/worksheets/sheet5.xml'
23:52:58.088 [main] DEBUG - Save part 'xl/worksheets/sheet6.xml'
23:52:58.088 [main] DEBUG - Save part 'xl/worksheets/sheet7.xml'
23:52:58.088 [main] DEBUG - Save part 'xl/worksheets/sheet8.xml'
23:52:58.088 [main] DEBUG - Save part 'xl/worksheets/sheet9.xml'
23:52:58.088 [main] DEBUG - Save part 'xl/worksheets/sheet10.xml'
23:52:58.088 [main] DEBUG - Save part 'xl/worksheets/sheet11.xml'
23:52:58.088 [main] DEBUG - Save part 'xl/worksheets/sheet12.xml'
23:52:58.090 [main] DEBUG - Save part 'xl/worksheets/sheet13.xml'
23:52:58.090 [main] DEBUG - Save part 'xl/worksheets/sheet14.xml'
23:52:58.822 [main] DEBUG - Parsing relationship: /xl/_rels/workbook.xml.rels
23:52:58.823 [main] DEBUG - Parsing relationship: /_rels/.rels
23:52:58.923 [main] DEBUG - Save content types part
23:52:58.925 [main] DEBUG - Save package relationships
23:52:58.926 [main] DEBUG - Save part 'docProps/app.xml'
23:52:58.927 [main] DEBUG - Save part 'docProps/core.xml'
23:52:58.928 [main] DEBUG - Save part 'xl/sharedStrings.xml'
23:52:58.929 [main] DEBUG - Save part 'xl/styles.xml'
23:52:58.929 [main] DEBUG - Save part 'xl/theme/theme1.xml'
23:52:58.929 [main] DEBUG - Save part 'xl/workbook.xml'
23:52:58.933 [main] DEBUG - Save part 'xl/worksheets/sheet1.xml'
23:52:58.933 [main] DEBUG - Save part 'xl/worksheets/sheet2.xml'
23:52:58.934 [main] DEBUG - Save part 'xl/worksheets/sheet3.xml'
23:52:58.934 [main] DEBUG - Save part 'xl/worksheets/sheet4.xml'
23:52:58.935 [main] DEBUG - Save part 'xl/worksheets/sheet5.xml'
23:52:58.935 [main] DEBUG - Save part 'xl/worksheets/sheet6.xml'
23:52:58.935 [main] DEBUG - Save part 'xl/worksheets/sheet7.xml'
23:52:58.935 [main] DEBUG - Save part 'xl/worksheets/sheet8.xml'
23:52:58.936 [main] DEBUG - Save part 'xl/worksheets/sheet9.xml'
23:52:58.937 [main] DEBUG - Save part 'xl/worksheets/sheet10.xml'
23:52:58.937 [main] DEBUG - Save part 'xl/worksheets/sheet11.xml'
23:52:58.938 [main] DEBUG - Save part 'xl/worksheets/sheet12.xml'
23:52:58.939 [main] DEBUG - Save part 'xl/worksheets/sheet13.xml'
23:52:58.939 [main] DEBUG - Save part 'xl/worksheets/sheet14.xml'
23:52:58.939 [main] DEBUG - Save part 'xl/worksheets/sheet15.xml'
23:54:30.156 [main] DEBUG - Parsing relationship: /xl/_rels/workbook.xml.rels
23:54:30.173 [main] DEBUG - Parsing relationship: /_rels/.rels
23:54:30.362 [main] TRACE - Loading type system org.apache.poi.schemas.ooxml.system.ooxml
23:54:30.366 [main] TRACE - Loading type system org.apache.xmlbeans.metadata.system.sXMLCONFIG
23:54:30.368 [main] TRACE - Loading type system org.apache.xmlbeans.metadata.system.sXMLLANG
23:54:30.369 [main] TRACE - Loading type system org.apache.xmlbeans.metadata.system.sXMLSCHEMA
23:54:30.370 [main] TRACE - Loading type system org.apache.xmlbeans.metadata.system.sXMLTOOLS
23:54:30.371 [main] TRACE - Reading unresolved handles for type system org.apache.xmlbeans.metadata.system.sXMLTOOLS
23:54:30.384 [main] TRACE - Finished loading type system org.apache.xmlbeans.metadata.system.sXMLTOOLS
23:54:30.385 [main] TRACE - Reading unresolved handles for type system org.apache.xmlbeans.metadata.system.sXMLSCHEMA
23:54:30.390 [main] TRACE - Finished loading type system org.apache.xmlbeans.metadata.system.sXMLSCHEMA
23:54:30.392 [main] TRACE - Reading unresolved handles for type system org.apache.xmlbeans.metadata.system.sXMLLANG
23:54:30.395 [main] TRACE - Finished loading type system org.apache.xmlbeans.metadata.system.sXMLLANG
23:54:30.396 [main] TRACE - Reading unresolved handles for type system org.apache.xmlbeans.metadata.system.sXMLCONFIG
23:54:30.397 [main] TRACE - Finished loading type system org.apache.xmlbeans.metadata.system.sXMLCONFIG
23:54:30.398 [main] TRACE - Reading unresolved handles for type system org.apache.poi.schemas.ooxml.system.ooxml
23:54:30.444 [main] TRACE - Finished loading type system org.apache.poi.schemas.ooxml.system.ooxml
23:54:30.445 [main] TRACE - Resolving type for handle themefd26doctype
23:54:30.522 [main] TRACE - Resolving type for handle stylesheet5d8bdoctype
23:54:30.525 [main] TRACE - Resolving type for handle ctstylesheet4257type
23:54:30.528 [main] TRACE - Resolving type for handle ctnumfmtsb58btype
23:54:30.529 [main] TRACE - Resolving type for handle ctfonts6623type
23:54:30.534 [main] TRACE - Resolving type for handle ctfont14d8type
23:54:30.538 [main] TRACE - Resolving type for handle ctfills2c6ftype
23:54:30.539 [main] TRACE - Resolving type for handle ctfill550ctype
23:54:30.542 [main] TRACE - Resolving type for handle ctborders0d66type
23:54:30.543 [main] TRACE - Resolving type for handle ctborderf935type
23:54:30.545 [main] TRACE - Resolving type for handle ctcellxfs1322type
23:54:30.547 [main] TRACE - Resolving type for handle ctxf97f7type
23:54:30.550 [main] TRACE - Resolving type for handle ctcellstylexfsa81ftype
23:54:30.551 [main] TRACE - Resolving type for handle ctdxfsb26atype
23:54:30.554 [main] TRACE - Resolving type for handle cttablestyles872ftype
23:54:30.565 [main] TRACE - Resolving type for handle sstf81fdoctype
23:54:30.571 [main] TRACE - Resolving type for handle ctsst44f3type
23:54:30.590 [main] TRACE - Resolving type for handle ctrsta472type
23:54:30.613 [main] TRACE - Resolving type for handle workbookec17doctype
23:54:30.619 [main] TRACE - Resolving type for handle ctworkbook83c3type
23:54:30.633 [main] TRACE - Resolving type for handle ctsheets49fdtype
23:54:30.636 [main] TRACE - Resolving type for handle ctsheet4dbetype
23:54:30.638 [main] TRACE - Resolving type for handle strelationshipid1e94type
23:54:30.639 [main] TRACE - Resolving type for handle worksheetf539doctype
23:54:30.644 [main] TRACE - Resolving type for handle ctworksheet530dtype
23:54:30.652 [main] TRACE - Resolving type for handle ctsheetdata8408type
23:54:30.656 [main] TRACE - Resolving type for handle ctcols627ctype
23:54:30.668 [main] TRACE - Resolving type for handle ctrowdd39type
23:54:30.686 [main] TRACE - Resolving type for handle ctcell842btype
23:54:30.690 [main] TRACE - Resolving type for handle stcellrefe4e0type
23:54:30.752 [main] TRACE - Resolving type for handle stxstringf179type
23:54:30.763 [main] TRACE - Resolving type for handle ctsheetformatprdef7type
23:54:30.780 [main] TRACE - Resolving type for handle ctsheetviewsb918type
23:54:30.786 [main] TRACE - Resolving type for handle ctsheetview0f43type
23:54:30.795 [main] TRACE - Resolving type for handle ctsheetdimensiond310type
23:54:30.797 [main] TRACE - Resolving type for handle stref90a2type
23:54:30.801 [main] TRACE - Resolving type for handle ctpagemargins5455type
23:54:30.811 [main] TRACE - Resolving type for handle stcelltypebf95type
23:54:30.846 [main] TRACE - Resolving type for handle stcellstylexfid70c7type
23:54:30.892 [main] TRACE - Resolving type for handle propertiesee84doctype
23:54:30.895 [main] TRACE - Resolving type for handle ctproperties3f10type
23:54:30.911 [main] TRACE - Resolving type for handle properties288cdoctype
23:54:30.914 [main] TRACE - Resolving type for handle ctproperties2c18type
23:54:30.937 [main] DEBUG - Save content types part
23:54:31.020 [main] DEBUG - Save package relationships
23:54:31.025 [main] DEBUG - Save part 'docProps/app.xml'
23:54:31.026 [main] DEBUG - Save part 'docProps/core.xml'
23:54:31.028 [main] DEBUG - Save part 'xl/sharedStrings.xml'
23:54:31.028 [main] DEBUG - Save part 'xl/styles.xml'
23:54:31.028 [main] DEBUG - Save part 'xl/theme/theme1.xml'
23:54:31.028 [main] DEBUG - Save part 'xl/workbook.xml'
23:54:31.030 [main] DEBUG - Save part 'xl/worksheets/sheet1.xml'
23:54:31.030 [main] DEBUG - Save part 'xl/worksheets/sheet2.xml'
23:54:31.031 [main] DEBUG - Save part 'xl/worksheets/sheet3.xml'
23:54:31.031 [main] DEBUG - Save part 'xl/worksheets/sheet4.xml'
23:54:31.031 [main] DEBUG - Save part 'xl/worksheets/sheet5.xml'
