14:06:16.175 [main] DEBUG - Save part 'xl/sharedStrings.xml'
14:06:16.189 [main] DEBUG - Save part 'xl/styles.xml'
14:06:16.190 [main] DEBUG - Save part 'xl/theme/theme1.xml'
14:06:16.190 [main] DEBUG - Save part 'xl/workbook.xml'
14:06:16.192 [main] DEBUG - Save part 'xl/worksheets/sheet1.xml'
14:10:49.322 [main] DEBUG - Parsing relationship: /xl/_rels/workbook.xml.rels
14:10:49.330 [main] DEBUG - Parsing relationship: /_rels/.rels
14:10:49.439 [main] TRACE - Loading type system org.apache.poi.schemas.ooxml.system.ooxml
14:10:49.441 [main] TRACE - Loading type system org.apache.xmlbeans.metadata.system.sXMLCONFIG
14:10:49.442 [main] TRACE - Loading type system org.apache.xmlbeans.metadata.system.sXMLLANG
14:10:49.443 [main] TRACE - Loading type system org.apache.xmlbeans.metadata.system.sXMLSCHEMA
14:10:49.443 [main] TRACE - Loading type system org.apache.xmlbeans.metadata.system.sXMLTOOLS
14:10:49.444 [main] TRACE - Reading unresolved handles for type system org.apache.xmlbeans.metadata.system.sXMLTOOLS
14:10:49.456 [main] TRACE - Finished loading type system org.apache.xmlbeans.metadata.system.sXMLTOOLS
14:10:49.457 [main] TRACE - Reading unresolved handles for type system org.apache.xmlbeans.metadata.system.sXMLSCHEMA
14:10:49.462 [main] TRACE - Finished loading type system org.apache.xmlbeans.metadata.system.sXMLSCHEMA
14:10:49.462 [main] TRACE - Reading unresolved handles for type system org.apache.xmlbeans.metadata.system.sXMLLANG
14:10:49.463 [main] TRACE - Finished loading type system org.apache.xmlbeans.metadata.system.sXMLLANG
14:10:49.465 [main] TRACE - Reading unresolved handles for type system org.apache.xmlbeans.metadata.system.sXMLCONFIG
14:10:49.466 [main] TRACE - Finished loading type system org.apache.xmlbeans.metadata.system.sXMLCONFIG
14:10:49.466 [main] TRACE - Reading unresolved handles for type system org.apache.poi.schemas.ooxml.system.ooxml
14:10:49.506 [main] TRACE - Finished loading type system org.apache.poi.schemas.ooxml.system.ooxml
14:10:49.507 [main] TRACE - Resolving type for handle themefd26doctype
14:10:49.566 [main] TRACE - Resolving type for handle stylesheet5d8bdoctype
14:10:49.569 [main] TRACE - Resolving type for handle ctstylesheet4257type
14:10:49.572 [main] TRACE - Resolving type for handle ctnumfmtsb58btype
14:10:49.574 [main] TRACE - Resolving type for handle ctfonts6623type
14:10:49.576 [main] TRACE - Resolving type for handle ctfont14d8type
14:10:49.581 [main] TRACE - Resolving type for handle ctfills2c6ftype
14:10:49.582 [main] TRACE - Resolving type for handle ctfill550ctype
14:10:49.583 [main] TRACE - Resolving type for handle ctborders0d66type
14:10:49.585 [main] TRACE - Resolving type for handle ctborderf935type
14:10:49.587 [main] TRACE - Resolving type for handle ctcellxfs1322type
14:10:49.590 [main] TRACE - Resolving type for handle ctxf97f7type
14:10:49.595 [main] TRACE - Resolving type for handle ctcellstylexfsa81ftype
14:10:49.598 [main] TRACE - Resolving type for handle ctdxfsb26atype
14:10:49.603 [main] TRACE - Resolving type for handle cttablestyles872ftype
14:10:49.607 [main] TRACE - Resolving type for handle sstf81fdoctype
14:10:49.616 [main] TRACE - Resolving type for handle ctsst44f3type
14:10:49.631 [main] TRACE - Resolving type for handle ctrsta472type
14:10:49.652 [main] TRACE - Resolving type for handle workbookec17doctype
14:10:49.658 [main] TRACE - Resolving type for handle ctworkbook83c3type
14:10:49.669 [main] TRACE - Resolving type for handle ctsheets49fdtype
14:10:49.673 [main] TRACE - Resolving type for handle ctsheet4dbetype
14:10:49.678 [main] TRACE - Resolving type for handle strelationshipid1e94type
14:10:49.681 [main] TRACE - Resolving type for handle worksheetf539doctype
14:10:49.686 [main] TRACE - Resolving type for handle ctworksheet530dtype
14:10:49.693 [main] TRACE - Resolving type for handle ctsheetdata8408type
14:10:49.700 [main] TRACE - Resolving type for handle ctcols627ctype
14:10:49.707 [main] TRACE - Resolving type for handle ctrowdd39type
14:10:49.713 [main] TRACE - Resolving type for handle ctcell842btype
14:10:49.719 [main] TRACE - Resolving type for handle stcellrefe4e0type
14:10:49.803 [main] TRACE - Resolving type for handle stxstringf179type
14:10:49.807 [main] TRACE - Resolving type for handle ctsheetformatprdef7type
14:10:49.811 [main] TRACE - Resolving type for handle ctsheetviewsb918type
14:10:49.815 [main] TRACE - Resolving type for handle ctsheetview0f43type
14:10:49.819 [main] TRACE - Resolving type for handle ctsheetdimensiond310type
14:10:49.820 [main] TRACE - Resolving type for handle stref90a2type
14:10:49.821 [main] TRACE - Resolving type for handle ctpagemargins5455type
14:10:49.826 [main] TRACE - Resolving type for handle stcelltypebf95type
14:10:49.852 [main] TRACE - Resolving type for handle stcellstylexfid70c7type
14:10:49.889 [main] TRACE - Resolving type for handle propertiesee84doctype
14:10:49.890 [main] TRACE - Resolving type for handle ctproperties3f10type
14:10:49.896 [main] TRACE - Resolving type for handle properties288cdoctype
14:10:49.897 [main] TRACE - Resolving type for handle ctproperties2c18type
14:10:49.904 [main] DEBUG - Save content types part
14:10:49.957 [main] DEBUG - Save package relationships
14:10:49.962 [main] DEBUG - Save part 'docProps/app.xml'
14:10:49.962 [main] DEBUG - Save part 'docProps/core.xml'
14:10:49.966 [main] DEBUG - Save part 'xl/sharedStrings.xml'
14:10:49.966 [main] DEBUG - Save part 'xl/styles.xml'
14:10:49.966 [main] DEBUG - Save part 'xl/theme/theme1.xml'
14:10:49.966 [main] DEBUG - Save part 'xl/workbook.xml'
14:10:49.968 [main] DEBUG - Save part 'xl/worksheets/sheet1.xml'
14:10:49.969 [main] DEBUG - Save part 'xl/worksheets/sheet2.xml'
14:10:49.969 [main] DEBUG - Save part 'xl/worksheets/sheet3.xml'
14:10:49.969 [main] DEBUG - Save part 'xl/worksheets/sheet4.xml'
14:10:49.969 [main] DEBUG - Save part 'xl/worksheets/sheet5.xml'
14:10:49.969 [main] DEBUG - Save part 'xl/worksheets/sheet6.xml'
14:10:49.969 [main] DEBUG - Save part 'xl/worksheets/sheet7.xml'
14:10:49.970 [main] DEBUG - Save part 'xl/worksheets/sheet8.xml'
14:10:49.970 [main] DEBUG - Save part 'xl/worksheets/sheet9.xml'
14:10:49.970 [main] DEBUG - Save part 'xl/worksheets/sheet10.xml'
14:10:49.970 [main] DEBUG - Save part 'xl/worksheets/sheet11.xml'
14:10:49.970 [main] DEBUG - Save part 'xl/worksheets/sheet12.xml'
14:10:49.971 [main] DEBUG - Save part 'xl/worksheets/sheet13.xml'
14:10:49.971 [main] DEBUG - Save part 'xl/worksheets/sheet14.xml'
14:10:49.971 [main] DEBUG - Save part 'xl/worksheets/sheet15.xml'
14:10:49.971 [main] DEBUG - Save part 'xl/worksheets/sheet16.xml'
14:10:49.971 [main] DEBUG - Save part 'xl/worksheets/sheet17.xml'
14:10:49.971 [main] DEBUG - Save part 'xl/worksheets/sheet18.xml'
14:10:49.971 [main] DEBUG - Save part 'xl/worksheets/sheet19.xml'
14:10:49.971 [main] DEBUG - Save part 'xl/worksheets/sheet20.xml'
14:10:49.972 [main] DEBUG - Save part 'xl/worksheets/sheet21.xml'
14:10:49.972 [main] DEBUG - Save part 'xl/worksheets/sheet22.xml'
14:10:49.972 [main] DEBUG - Save part 'xl/worksheets/sheet23.xml'
14:10:49.972 [main] DEBUG - Save part 'xl/worksheets/sheet24.xml'
14:10:49.972 [main] DEBUG - Save part 'xl/worksheets/sheet25.xml'
14:10:49.972 [main] DEBUG - Save part 'xl/worksheets/sheet26.xml'
14:10:49.973 [main] DEBUG - Save part 'xl/worksheets/sheet27.xml'
14:10:49.973 [main] DEBUG - Save part 'xl/worksheets/sheet28.xml'
14:10:49.973 [main] DEBUG - Save part 'xl/worksheets/sheet29.xml'
14:10:49.973 [main] DEBUG - Save part 'xl/worksheets/sheet30.xml'
14:10:49.973 [main] DEBUG - Save part 'xl/worksheets/sheet31.xml'
14:10:49.973 [main] DEBUG - Save part 'xl/worksheets/sheet32.xml'
14:10:49.973 [main] DEBUG - Save part 'xl/worksheets/sheet33.xml'
14:10:49.973 [main] DEBUG - Save part 'xl/worksheets/sheet34.xml'
14:10:49.974 [main] DEBUG - Save part 'xl/worksheets/sheet35.xml'
14:10:49.974 [main] DEBUG - Save part 'xl/worksheets/sheet36.xml'
14:10:49.974 [main] DEBUG - Save part 'xl/worksheets/sheet37.xml'
14:10:49.974 [main] DEBUG - Save part 'xl/worksheets/sheet38.xml'
14:10:49.974 [main] DEBUG - Save part 'xl/worksheets/sheet39.xml'
14:10:49.974 [main] DEBUG - Save part 'xl/worksheets/sheet40.xml'
14:10:49.974 [main] DEBUG - Save part 'xl/worksheets/sheet41.xml'
14:10:49.974 [main] DEBUG - Save part 'xl/worksheets/sheet42.xml'
14:10:49.975 [main] DEBUG - Save part 'xl/worksheets/sheet43.xml'
14:10:49.975 [main] DEBUG - Save part 'xl/worksheets/sheet44.xml'
14:10:49.975 [main] DEBUG - Save part 'xl/worksheets/sheet45.xml'
14:10:49.975 [main] DEBUG - Save part 'xl/worksheets/sheet46.xml'
14:10:49.975 [main] DEBUG - Save part 'xl/worksheets/sheet47.xml'
14:10:49.975 [main] DEBUG - Save part 'xl/worksheets/sheet48.xml'
14:10:49.975 [main] DEBUG - Save part 'xl/worksheets/sheet49.xml'
14:10:49.976 [main] DEBUG - Save part 'xl/worksheets/sheet50.xml'
14:10:50.507 [main] DEBUG - Parsing relationship: /xl/_rels/workbook.xml.rels
14:10:50.509 [main] DEBUG - Parsing relationship: /_rels/.rels
14:10:50.634 [main] DEBUG - Save content types part
14:10:50.636 [main] DEBUG - Save package relationships
14:10:50.637 [main] DEBUG - Save part 'docProps/app.xml'
14:10:50.637 [main] DEBUG - Save part 'docProps/core.xml'
14:10:50.638 [main] DEBUG - Save part 'xl/sharedStrings.xml'
14:10:50.638 [main] DEBUG - Save part 'xl/styles.xml'
14:10:50.638 [main] DEBUG - Save part 'xl/theme/theme1.xml'
14:10:50.638 [main] DEBUG - Save part 'xl/workbook.xml'
14:10:50.639 [main] DEBUG - Save part 'xl/worksheets/sheet1.xml'
14:10:50.640 [main] DEBUG - Save part 'xl/worksheets/sheet2.xml'
14:10:50.640 [main] DEBUG - Save part 'xl/worksheets/sheet3.xml'
14:10:50.640 [main] DEBUG - Save part 'xl/worksheets/sheet4.xml'
14:10:50.640 [main] DEBUG - Save part 'xl/worksheets/sheet5.xml'
14:10:50.640 [main] DEBUG - Save part 'xl/worksheets/sheet6.xml'
14:10:50.640 [main] DEBUG - Save part 'xl/worksheets/sheet7.xml'
14:10:50.641 [main] DEBUG - Save part 'xl/worksheets/sheet8.xml'
14:10:50.641 [main] DEBUG - Save part 'xl/worksheets/sheet9.xml'
14:10:50.641 [main] DEBUG - Save part 'xl/worksheets/sheet10.xml'
14:10:50.641 [main] DEBUG - Save part 'xl/worksheets/sheet11.xml'
14:10:50.641 [main] DEBUG - Save part 'xl/worksheets/sheet12.xml'
14:10:50.641 [main] DEBUG - Save part 'xl/worksheets/sheet13.xml'
14:10:50.641 [main] DEBUG - Save part 'xl/worksheets/sheet14.xml'
14:10:50.641 [main] DEBUG - Save part 'xl/worksheets/sheet15.xml'
14:10:50.641 [main] DEBUG - Save part 'xl/worksheets/sheet16.xml'
14:10:50.642 [main] DEBUG - Save part 'xl/worksheets/sheet17.xml'
14:10:50.642 [main] DEBUG - Save part 'xl/worksheets/sheet18.xml'
14:10:50.642 [main] DEBUG - Save part 'xl/worksheets/sheet19.xml'
14:10:50.642 [main] DEBUG - Save part 'xl/worksheets/sheet20.xml'
14:10:50.642 [main] DEBUG - Save part 'xl/worksheets/sheet21.xml'
14:10:50.642 [main] DEBUG - Save part 'xl/worksheets/sheet22.xml'
14:10:50.642 [main] DEBUG - Save part 'xl/worksheets/sheet23.xml'
14:10:50.642 [main] DEBUG - Save part 'xl/worksheets/sheet24.xml'
14:10:50.642 [main] DEBUG - Save part 'xl/worksheets/sheet25.xml'
14:10:50.642 [main] DEBUG - Save part 'xl/worksheets/sheet26.xml'
14:10:50.643 [main] DEBUG - Save part 'xl/worksheets/sheet27.xml'
14:10:50.643 [main] DEBUG - Save part 'xl/worksheets/sheet28.xml'
14:10:50.643 [main] DEBUG - Save part 'xl/worksheets/sheet29.xml'
14:10:50.643 [main] DEBUG - Save part 'xl/worksheets/sheet30.xml'
14:10:50.643 [main] DEBUG - Save part 'xl/worksheets/sheet31.xml'
14:10:50.643 [main] DEBUG - Save part 'xl/worksheets/sheet32.xml'
14:10:50.643 [main] DEBUG - Save part 'xl/worksheets/sheet33.xml'
14:10:50.643 [main] DEBUG - Save part 'xl/worksheets/sheet34.xml'
14:10:50.643 [main] DEBUG - Save part 'xl/worksheets/sheet35.xml'
14:10:50.643 [main] DEBUG - Save part 'xl/worksheets/sheet36.xml'
14:10:50.644 [main] DEBUG - Save part 'xl/worksheets/sheet37.xml'
14:10:50.644 [main] DEBUG - Save part 'xl/worksheets/sheet38.xml'
14:10:50.644 [main] DEBUG - Save part 'xl/worksheets/sheet39.xml'
14:10:50.644 [main] DEBUG - Save part 'xl/worksheets/sheet40.xml'
14:10:50.644 [main] DEBUG - Save part 'xl/worksheets/sheet41.xml'
14:10:50.644 [main] DEBUG - Save part 'xl/worksheets/sheet42.xml'
14:10:50.644 [main] DEBUG - Save part 'xl/worksheets/sheet43.xml'
14:10:50.644 [main] DEBUG - Save part 'xl/worksheets/sheet44.xml'
14:10:50.644 [main] DEBUG - Save part 'xl/worksheets/sheet45.xml'
14:10:50.645 [main] DEBUG - Save part 'xl/worksheets/sheet46.xml'
14:10:50.645 [main] DEBUG - Save part 'xl/worksheets/sheet47.xml'
14:10:50.645 [main] DEBUG - Save part 'xl/worksheets/sheet48.xml'
14:10:50.645 [main] DEBUG - Save part 'xl/worksheets/sheet49.xml'
14:10:50.645 [main] DEBUG - Save part 'xl/worksheets/sheet50.xml'
14:10:50.645 [main] DEBUG - Save part 'xl/worksheets/sheet51.xml'
14:11:04.221 [main] DEBUG - Parsing relationship: /xl/_rels/workbook.xml.rels
14:11:04.221 [main] DEBUG - Parsing relationship: /_rels/.rels
14:11:04.235 [main] TRACE - Resolving type for handle ctcola95ftype
16:11:54.539 [main] INFO  - filter Result
16:11:55.905 [main] DEBUG - Parsing relationship: /xl/_rels/workbook.xml.rels
16:11:55.920 [main] DEBUG - Parsing relationship: /_rels/.rels
16:11:56.202 [main] TRACE - Loading type system org.apache.poi.schemas.ooxml.system.ooxml
16:11:56.218 [main] TRACE - Loading type system org.apache.xmlbeans.metadata.system.sXMLCONFIG
16:11:56.218 [main] TRACE - Loading type system org.apache.xmlbeans.metadata.system.sXMLLANG
16:11:56.218 [main] TRACE - Loading type system org.apache.xmlbeans.metadata.system.sXMLSCHEMA
16:11:56.218 [main] TRACE - Loading type system org.apache.xmlbeans.metadata.system.sXMLTOOLS
16:11:56.218 [main] TRACE - Reading unresolved handles for type system org.apache.xmlbeans.metadata.system.sXMLTOOLS
16:11:56.233 [main] TRACE - Finished loading type system org.apache.xmlbeans.metadata.system.sXMLTOOLS
16:11:56.233 [main] TRACE - Reading unresolved handles for type system org.apache.xmlbeans.metadata.system.sXMLSCHEMA
16:11:56.249 [main] TRACE - Finished loading type system org.apache.xmlbeans.metadata.system.sXMLSCHEMA
16:11:56.249 [main] TRACE - Reading unresolved handles for type system org.apache.xmlbeans.metadata.system.sXMLLANG
16:11:56.249 [main] TRACE - Finished loading type system org.apache.xmlbeans.metadata.system.sXMLLANG
16:11:56.249 [main] TRACE - Reading unresolved handles for type system org.apache.xmlbeans.metadata.system.sXMLCONFIG
16:11:56.249 [main] TRACE - Finished loading type system org.apache.xmlbeans.metadata.system.sXMLCONFIG
16:11:56.267 [main] TRACE - Reading unresolved handles for type system org.apache.poi.schemas.ooxml.system.ooxml
16:11:56.355 [main] TRACE - Finished loading type system org.apache.poi.schemas.ooxml.system.ooxml
16:11:56.357 [main] TRACE - Resolving type for handle themefd26doctype
16:11:56.463 [main] TRACE - Resolving type for handle stylesheet5d8bdoctype
16:11:56.468 [main] TRACE - Resolving type for handle ctstylesheet4257type
16:11:56.473 [main] TRACE - Resolving type for handle ctnumfmtsb58btype
16:11:56.475 [main] TRACE - Resolving type for handle ctfonts6623type
16:11:56.484 [main] TRACE - Resolving type for handle ctfont14d8type
16:11:56.494 [main] TRACE - Resolving type for handle ctfills2c6ftype
16:11:56.497 [main] TRACE - Resolving type for handle ctfill550ctype
16:11:56.504 [main] TRACE - Resolving type for handle ctborders0d66type
16:11:56.508 [main] TRACE - Resolving type for handle ctborderf935type
16:11:56.511 [main] TRACE - Resolving type for handle ctcellxfs1322type
16:11:56.515 [main] TRACE - Resolving type for handle ctxf97f7type
16:11:56.523 [main] TRACE - Resolving type for handle ctcellstylexfsa81ftype
16:11:56.526 [main] TRACE - Resolving type for handle ctdxfsb26atype
16:11:56.530 [main] TRACE - Resolving type for handle cttablestyles872ftype
16:11:56.534 [main] TRACE - Resolving type for handle sstf81fdoctype
16:11:56.541 [main] TRACE - Resolving type for handle ctsst44f3type
16:11:56.562 [main] TRACE - Resolving type for handle ctrsta472type
16:11:56.609 [main] TRACE - Resolving type for handle workbookec17doctype
16:11:56.617 [main] TRACE - Resolving type for handle ctworkbook83c3type
16:11:56.630 [main] TRACE - Resolving type for handle ctsheets49fdtype
16:11:56.634 [main] TRACE - Resolving type for handle ctsheet4dbetype
16:11:56.640 [main] TRACE - Resolving type for handle strelationshipid1e94type
16:11:56.644 [main] TRACE - Resolving type for handle worksheetf539doctype
16:11:56.645 [main] TRACE - Resolving type for handle ctworksheet530dtype
16:11:56.661 [main] TRACE - Resolving type for handle ctsheetdata8408type
16:11:56.678 [main] TRACE - Resolving type for handle ctcols627ctype
16:11:56.693 [main] TRACE - Resolving type for handle ctrowdd39type
16:11:56.709 [main] TRACE - Resolving type for handle ctcell842btype
16:11:56.725 [main] TRACE - Resolving type for handle stcellrefe4e0type
16:11:56.899 [main] TRACE - Resolving type for handle stxstringf179type
16:11:56.914 [main] TRACE - Resolving type for handle ctsheetformatprdef7type
16:11:56.914 [main] TRACE - Resolving type for handle ctsheetviewsb918type
16:11:56.914 [main] TRACE - Resolving type for handle ctsheetview0f43type
16:11:56.930 [main] TRACE - Resolving type for handle ctsheetdimensiond310type
16:11:56.930 [main] TRACE - Resolving type for handle stref90a2type
16:11:56.930 [main] TRACE - Resolving type for handle ctpagemargins5455type
16:11:56.946 [main] TRACE - Resolving type for handle stcelltypebf95type
16:11:56.994 [main] TRACE - Resolving type for handle stcellstylexfid70c7type
16:11:57.073 [main] TRACE - Resolving type for handle propertiesee84doctype
16:11:57.073 [main] TRACE - Resolving type for handle ctproperties3f10type
16:11:57.073 [main] TRACE - Resolving type for handle properties288cdoctype
16:11:57.073 [main] TRACE - Resolving type for handle ctproperties2c18type
16:11:57.104 [main] DEBUG - Save content types part
16:11:57.214 [main] DEBUG - Save package relationships
16:11:57.214 [main] DEBUG - Save part 'docProps/app.xml'
16:11:57.214 [main] DEBUG - Save part 'docProps/core.xml'
16:11:57.229 [main] DEBUG - Save part 'xl/sharedStrings.xml'
16:11:57.229 [main] DEBUG - Save part 'xl/styles.xml'
16:11:57.229 [main] DEBUG - Save part 'xl/theme/theme1.xml'
16:11:57.229 [main] DEBUG - Save part 'xl/workbook.xml'
16:11:57.229 [main] DEBUG - Save part 'xl/worksheets/sheet1.xml'
16:11:57.229 [main] DEBUG - Save part 'xl/worksheets/sheet2.xml'
16:11:57.229 [main] DEBUG - Save part 'xl/worksheets/sheet3.xml'
16:11:57.229 [main] DEBUG - Save part 'xl/worksheets/sheet4.xml'
16:11:57.229 [main] DEBUG - Save part 'xl/worksheets/sheet5.xml'
16:11:57.229 [main] DEBUG - Save part 'xl/worksheets/sheet6.xml'
16:11:57.229 [main] DEBUG - Save part 'xl/worksheets/sheet7.xml'
16:11:57.229 [main] DEBUG - Save part 'xl/worksheets/sheet8.xml'
16:11:57.229 [main] DEBUG - Save part 'xl/worksheets/sheet9.xml'
16:11:57.229 [main] DEBUG - Save part 'xl/worksheets/sheet10.xml'
16:11:57.245 [main] DEBUG - Save part 'xl/worksheets/sheet11.xml'
16:11:57.245 [main] DEBUG - Save part 'xl/worksheets/sheet12.xml'
16:11:57.245 [main] DEBUG - Save part 'xl/worksheets/sheet13.xml'
16:11:57.245 [main] DEBUG - Save part 'xl/worksheets/sheet14.xml'
16:11:57.246 [main] DEBUG - Save part 'xl/worksheets/sheet15.xml'
16:11:57.246 [main] DEBUG - Save part 'xl/worksheets/sheet16.xml'
16:11:57.246 [main] DEBUG - Save part 'xl/worksheets/sheet17.xml'
16:11:57.247 [main] DEBUG - Save part 'xl/worksheets/sheet18.xml'
16:11:57.247 [main] DEBUG - Save part 'xl/worksheets/sheet19.xml'
16:11:57.247 [main] DEBUG - Save part 'xl/worksheets/sheet20.xml'
16:11:57.247 [main] DEBUG - Save part 'xl/worksheets/sheet21.xml'
16:11:57.248 [main] DEBUG - Save part 'xl/worksheets/sheet22.xml'
16:11:57.248 [main] DEBUG - Save part 'xl/worksheets/sheet23.xml'
16:11:57.248 [main] DEBUG - Save part 'xl/worksheets/sheet24.xml'
16:11:57.249 [main] DEBUG - Save part 'xl/worksheets/sheet25.xml'
16:11:57.249 [main] DEBUG - Save part 'xl/worksheets/sheet26.xml'
16:11:57.249 [main] DEBUG - Save part 'xl/worksheets/sheet27.xml'
16:11:57.249 [main] DEBUG - Save part 'xl/worksheets/sheet28.xml'
16:11:57.250 [main] DEBUG - Save part 'xl/worksheets/sheet29.xml'
16:11:57.250 [main] DEBUG - Save part 'xl/worksheets/sheet30.xml'
16:11:57.251 [main] DEBUG - Save part 'xl/worksheets/sheet31.xml'
16:11:57.251 [main] DEBUG - Save part 'xl/worksheets/sheet32.xml'
16:11:57.251 [main] DEBUG - Save part 'xl/worksheets/sheet33.xml'
16:11:57.251 [main] DEBUG - Save part 'xl/worksheets/sheet34.xml'
16:11:57.251 [main] DEBUG - Save part 'xl/worksheets/sheet35.xml'
16:11:57.251 [main] DEBUG - Save part 'xl/worksheets/sheet36.xml'
16:11:57.251 [main] DEBUG - Save part 'xl/worksheets/sheet37.xml'
16:11:57.251 [main] DEBUG - Save part 'xl/worksheets/sheet38.xml'
16:11:57.254 [main] DEBUG - Save part 'xl/worksheets/sheet39.xml'
16:11:57.254 [main] DEBUG - Save part 'xl/worksheets/sheet40.xml'
16:11:57.254 [main] DEBUG - Save part 'xl/worksheets/sheet41.xml'
16:11:57.254 [main] DEBUG - Save part 'xl/worksheets/sheet42.xml'
16:11:57.254 [main] DEBUG - Save part 'xl/worksheets/sheet43.xml'
16:11:57.254 [main] DEBUG - Save part 'xl/worksheets/sheet44.xml'
16:11:57.254 [main] DEBUG - Save part 'xl/worksheets/sheet45.xml'
16:11:57.254 [main] DEBUG - Save part 'xl/worksheets/sheet46.xml'
16:11:57.254 [main] DEBUG - Save part 'xl/worksheets/sheet47.xml'
16:11:57.254 [main] DEBUG - Save part 'xl/worksheets/sheet48.xml'
16:11:57.254 [main] DEBUG - Save part 'xl/worksheets/sheet49.xml'
16:11:57.254 [main] DEBUG - Save part 'xl/worksheets/sheet50.xml'
16:11:57.254 [main] DEBUG - Save part 'xl/worksheets/sheet51.xml'
16:11:57.254 [main] DEBUG - Save part 'xl/worksheets/sheet52.xml'
16:11:58.109 [main] DEBUG - Parsing relationship: /xl/_rels/workbook.xml.rels
16:11:58.114 [main] DEBUG - Parsing relationship: /_rels/.rels
16:11:58.339 [main] DEBUG - Save content types part
16:11:58.339 [main] DEBUG - Save package relationships
16:11:58.354 [main] DEBUG - Save part 'docProps/app.xml'
16:11:58.354 [main] DEBUG - Save part 'docProps/core.xml'
16:11:58.354 [main] DEBUG - Save part 'xl/sharedStrings.xml'
16:11:58.354 [main] DEBUG - Save part 'xl/styles.xml'
16:11:58.354 [main] DEBUG - Save part 'xl/theme/theme1.xml'
16:11:58.354 [main] DEBUG - Save part 'xl/workbook.xml'
16:11:58.354 [main] DEBUG - Save part 'xl/worksheets/sheet1.xml'
16:11:58.354 [main] DEBUG - Save part 'xl/worksheets/sheet2.xml'
16:11:58.354 [main] DEBUG - Save part 'xl/worksheets/sheet3.xml'
16:11:58.354 [main] DEBUG - Save part 'xl/worksheets/sheet4.xml'
16:11:58.354 [main] DEBUG - Save part 'xl/worksheets/sheet5.xml'
16:11:58.354 [main] DEBUG - Save part 'xl/worksheets/sheet6.xml'
16:11:58.354 [main] DEBUG - Save part 'xl/worksheets/sheet7.xml'
16:11:58.354 [main] DEBUG - Save part 'xl/worksheets/sheet8.xml'
16:11:58.354 [main] DEBUG - Save part 'xl/worksheets/sheet9.xml'
16:11:58.354 [main] DEBUG - Save part 'xl/worksheets/sheet10.xml'
16:11:58.354 [main] DEBUG - Save part 'xl/worksheets/sheet11.xml'
16:11:58.354 [main] DEBUG - Save part 'xl/worksheets/sheet12.xml'
16:11:58.354 [main] DEBUG - Save part 'xl/worksheets/sheet13.xml'
16:11:58.354 [main] DEBUG - Save part 'xl/worksheets/sheet14.xml'
16:11:58.354 [main] DEBUG - Save part 'xl/worksheets/sheet15.xml'
16:11:58.354 [main] DEBUG - Save part 'xl/worksheets/sheet16.xml'
16:11:58.354 [main] DEBUG - Save part 'xl/worksheets/sheet17.xml'
16:11:58.354 [main] DEBUG - Save part 'xl/worksheets/sheet18.xml'
16:11:58.370 [main] DEBUG - Save part 'xl/worksheets/sheet19.xml'
16:11:58.370 [main] DEBUG - Save part 'xl/worksheets/sheet20.xml'
16:11:58.370 [main] DEBUG - Save part 'xl/worksheets/sheet21.xml'
16:11:58.370 [main] DEBUG - Save part 'xl/worksheets/sheet22.xml'
16:11:58.370 [main] DEBUG - Save part 'xl/worksheets/sheet23.xml'
16:11:58.370 [main] DEBUG - Save part 'xl/worksheets/sheet24.xml'
16:11:58.370 [main] DEBUG - Save part 'xl/worksheets/sheet25.xml'
16:11:58.370 [main] DEBUG - Save part 'xl/worksheets/sheet26.xml'
16:11:58.370 [main] DEBUG - Save part 'xl/worksheets/sheet27.xml'
16:11:58.370 [main] DEBUG - Save part 'xl/worksheets/sheet28.xml'
16:11:58.370 [main] DEBUG - Save part 'xl/worksheets/sheet29.xml'
16:11:58.370 [main] DEBUG - Save part 'xl/worksheets/sheet30.xml'
16:11:58.370 [main] DEBUG - Save part 'xl/worksheets/sheet31.xml'
16:11:58.370 [main] DEBUG - Save part 'xl/worksheets/sheet32.xml'
16:11:58.370 [main] DEBUG - Save part 'xl/worksheets/sheet33.xml'
16:11:58.370 [main] DEBUG - Save part 'xl/worksheets/sheet34.xml'
16:11:58.370 [main] DEBUG - Save part 'xl/worksheets/sheet35.xml'
16:11:58.370 [main] DEBUG - Save part 'xl/worksheets/sheet36.xml'
16:11:58.370 [main] DEBUG - Save part 'xl/worksheets/sheet37.xml'
16:11:58.370 [main] DEBUG - Save part 'xl/worksheets/sheet38.xml'
16:11:58.370 [main] DEBUG - Save part 'xl/worksheets/sheet39.xml'
16:11:58.370 [main] DEBUG - Save part 'xl/worksheets/sheet40.xml'
16:11:58.370 [main] DEBUG - Save part 'xl/worksheets/sheet41.xml'
16:11:58.370 [main] DEBUG - Save part 'xl/worksheets/sheet42.xml'
16:11:58.370 [main] DEBUG - Save part 'xl/worksheets/sheet43.xml'
16:11:58.370 [main] DEBUG - Save part 'xl/worksheets/sheet44.xml'
16:11:58.370 [main] DEBUG - Save part 'xl/worksheets/sheet45.xml'
16:11:58.370 [main] DEBUG - Save part 'xl/worksheets/sheet46.xml'
16:11:58.370 [main] DEBUG - Save part 'xl/worksheets/sheet47.xml'
16:11:58.370 [main] DEBUG - Save part 'xl/worksheets/sheet48.xml'
16:11:58.370 [main] DEBUG - Save part 'xl/worksheets/sheet49.xml'
16:11:58.370 [main] DEBUG - Save part 'xl/worksheets/sheet50.xml'
16:11:58.370 [main] DEBUG - Save part 'xl/worksheets/sheet51.xml'
16:11:58.370 [main] DEBUG - Save part 'xl/worksheets/sheet52.xml'
16:11:58.370 [main] DEBUG - Save part 'xl/worksheets/sheet53.xml'
16:12:13.883 [main] DEBUG - Parsing relationship: /xl/_rels/workbook.xml.rels
16:12:13.883 [main] DEBUG - Parsing relationship: /_rels/.rels
16:12:13.916 [main] TRACE - Resolving type for handle ctcola95ftype
16:12:13.963 [main] DEBUG - Save content types part
16:12:13.966 [main] DEBUG - Save package relationships
16:12:13.967 [main] DEBUG - Save part 'docProps/app.xml'
16:12:13.968 [main] DEBUG - Save part 'docProps/core.xml'
16:12:13.969 [main] DEBUG - Save part 'xl/sharedStrings.xml'
16:12:13.971 [main] DEBUG - Save part 'xl/styles.xml'
16:12:13.972 [main] DEBUG - Save part 'xl/theme/theme1.xml'
16:12:13.972 [main] DEBUG - Save part 'xl/workbook.xml'
16:12:13.974 [main] DEBUG - Save part 'xl/worksheets/sheet1.xml'
16:12:16.166 [main] DEBUG - Parsing relationship: /xl/_rels/workbook.xml.rels
16:12:16.168 [main] DEBUG - Parsing relationship: /_rels/.rels
16:12:16.197 [main] DEBUG - Save content types part
16:12:16.199 [main] DEBUG - Save package relationships
16:12:16.199 [main] DEBUG - Save part 'docProps/app.xml'
16:12:16.199 [main] DEBUG - Save part 'docProps/core.xml'
16:12:16.199 [main] DEBUG - Save part 'xl/sharedStrings.xml'
16:12:16.199 [main] DEBUG - Save part 'xl/styles.xml'
16:12:16.199 [main] DEBUG - Save part 'xl/theme/theme1.xml'
16:12:16.199 [main] DEBUG - Save part 'xl/workbook.xml'
16:12:16.199 [main] DEBUG - Save part 'xl/worksheets/sheet1.xml'
17:20:18.757 [main] INFO  - filter Result
17:37:07.543 [main] INFO  - filter Result
17:37:08.469 [main] DEBUG - Parsing relationship: /xl/_rels/workbook.xml.rels
17:37:08.485 [main] DEBUG - Parsing relationship: /_rels/.rels
17:37:08.717 [main] TRACE - Loading type system org.apache.poi.schemas.ooxml.system.ooxml
17:37:08.721 [main] TRACE - Loading type system org.apache.xmlbeans.metadata.system.sXMLCONFIG
17:37:08.722 [main] TRACE - Loading type system org.apache.xmlbeans.metadata.system.sXMLLANG
17:37:08.722 [main] TRACE - Loading type system org.apache.xmlbeans.metadata.system.sXMLSCHEMA
17:37:08.723 [main] TRACE - Loading type system org.apache.xmlbeans.metadata.system.sXMLTOOLS
17:37:08.724 [main] TRACE - Reading unresolved handles for type system org.apache.xmlbeans.metadata.system.sXMLTOOLS
17:37:08.738 [main] TRACE - Finished loading type system org.apache.xmlbeans.metadata.system.sXMLTOOLS
17:37:08.740 [main] TRACE - Reading unresolved handles for type system org.apache.xmlbeans.metadata.system.sXMLSCHEMA
17:37:08.747 [main] TRACE - Finished loading type system org.apache.xmlbeans.metadata.system.sXMLSCHEMA
17:37:08.749 [main] TRACE - Reading unresolved handles for type system org.apache.xmlbeans.metadata.system.sXMLLANG
17:37:08.750 [main] TRACE - Finished loading type system org.apache.xmlbeans.metadata.system.sXMLLANG
17:37:08.753 [main] TRACE - Reading unresolved handles for type system org.apache.xmlbeans.metadata.system.sXMLCONFIG
17:37:08.754 [main] TRACE - Finished loading type system org.apache.xmlbeans.metadata.system.sXMLCONFIG
17:37:08.755 [main] TRACE - Reading unresolved handles for type system org.apache.poi.schemas.ooxml.system.ooxml
17:37:08.850 [main] TRACE - Finished loading type system org.apache.poi.schemas.ooxml.system.ooxml
17:37:08.850 [main] TRACE - Resolving type for handle themefd26doctype
17:37:08.930 [main] TRACE - Resolving type for handle stylesheet5d8bdoctype
17:37:08.930 [main] TRACE - Resolving type for handle ctstylesheet4257type
17:37:08.944 [main] TRACE - Resolving type for handle ctnumfmtsb58btype
17:37:08.944 [main] TRACE - Resolving type for handle ctfonts6623type
17:37:08.944 [main] TRACE - Resolving type for handle ctfont14d8type
17:37:08.960 [main] TRACE - Resolving type for handle ctfills2c6ftype
17:37:08.960 [main] TRACE - Resolving type for handle ctfill550ctype
17:37:08.960 [main] TRACE - Resolving type for handle ctborders0d66type
17:37:08.960 [main] TRACE - Resolving type for handle ctborderf935type
17:37:08.976 [main] TRACE - Resolving type for handle ctcellxfs1322type
17:37:08.976 [main] TRACE - Resolving type for handle ctxf97f7type
17:37:08.992 [main] TRACE - Resolving type for handle ctcellstylexfsa81ftype
17:37:08.993 [main] TRACE - Resolving type for handle ctdxfsb26atype
17:37:08.993 [main] TRACE - Resolving type for handle cttablestyles872ftype
17:37:09.008 [main] TRACE - Resolving type for handle sstf81fdoctype
17:37:09.008 [main] TRACE - Resolving type for handle ctsst44f3type
17:37:09.024 [main] TRACE - Resolving type for handle ctrsta472type
17:37:09.071 [main] TRACE - Resolving type for handle workbookec17doctype
17:37:09.071 [main] TRACE - Resolving type for handle ctworkbook83c3type
17:37:09.087 [main] TRACE - Resolving type for handle ctsheets49fdtype
17:37:09.087 [main] TRACE - Resolving type for handle ctsheet4dbetype
17:37:09.087 [main] TRACE - Resolving type for handle strelationshipid1e94type
17:37:09.103 [main] TRACE - Resolving type for handle worksheetf539doctype
17:37:09.103 [main] TRACE - Resolving type for handle ctworksheet530dtype
17:37:09.119 [main] TRACE - Resolving type for handle ctsheetdata8408type
17:37:09.119 [main] TRACE - Resolving type for handle ctcols627ctype
17:37:09.154 [main] TRACE - Resolving type for handle ctrowdd39type
17:37:09.166 [main] TRACE - Resolving type for handle ctcell842btype
17:37:09.166 [main] TRACE - Resolving type for handle stcellrefe4e0type
17:37:09.354 [main] TRACE - Resolving type for handle stxstringf179type
17:37:09.354 [main] TRACE - Resolving type for handle ctsheetformatprdef7type
17:37:09.373 [main] TRACE - Resolving type for handle ctsheetviewsb918type
17:37:09.376 [main] TRACE - Resolving type for handle ctsheetview0f43type
17:37:09.384 [main] TRACE - Resolving type for handle ctsheetdimensiond310type
17:37:09.387 [main] TRACE - Resolving type for handle stref90a2type
17:37:09.390 [main] TRACE - Resolving type for handle ctpagemargins5455type
17:37:09.398 [main] TRACE - Resolving type for handle stcelltypebf95type
17:37:09.438 [main] TRACE - Resolving type for handle stcellstylexfid70c7type
17:37:09.519 [main] TRACE - Resolving type for handle propertiesee84doctype
17:37:09.519 [main] TRACE - Resolving type for handle ctproperties3f10type
17:37:09.519 [main] TRACE - Resolving type for handle properties288cdoctype
17:37:09.519 [main] TRACE - Resolving type for handle ctproperties2c18type
17:37:09.535 [main] DEBUG - Save content types part
17:37:09.619 [main] DEBUG - Save package relationships
17:37:09.624 [main] DEBUG - Save part 'docProps/app.xml'
17:37:09.625 [main] DEBUG - Save part 'docProps/core.xml'
17:37:09.628 [main] DEBUG - Save part 'xl/sharedStrings.xml'
17:37:09.629 [main] DEBUG - Save part 'xl/styles.xml'
17:37:09.629 [main] DEBUG - Save part 'xl/theme/theme1.xml'
17:37:09.630 [main] DEBUG - Save part 'xl/workbook.xml'
17:37:09.635 [main] DEBUG - Save part 'xl/worksheets/sheet1.xml'
17:37:09.636 [main] DEBUG - Save part 'xl/worksheets/sheet2.xml'
17:37:09.636 [main] DEBUG - Save part 'xl/worksheets/sheet3.xml'
17:37:09.636 [main] DEBUG - Save part 'xl/worksheets/sheet4.xml'
17:37:09.637 [main] DEBUG - Save part 'xl/worksheets/sheet5.xml'
17:37:09.637 [main] DEBUG - Save part 'xl/worksheets/sheet6.xml'
17:37:09.637 [main] DEBUG - Save part 'xl/worksheets/sheet7.xml'
17:37:09.638 [main] DEBUG - Save part 'xl/worksheets/sheet8.xml'
17:37:09.638 [main] DEBUG - Save part 'xl/worksheets/sheet9.xml'
17:37:09.638 [main] DEBUG - Save part 'xl/worksheets/sheet10.xml'
17:37:09.639 [main] DEBUG - Save part 'xl/worksheets/sheet11.xml'
17:37:09.639 [main] DEBUG - Save part 'xl/worksheets/sheet12.xml'
17:37:09.639 [main] DEBUG - Save part 'xl/worksheets/sheet13.xml'
17:37:09.640 [main] DEBUG - Save part 'xl/worksheets/sheet14.xml'
17:37:09.640 [main] DEBUG - Save part 'xl/worksheets/sheet15.xml'
17:37:09.640 [main] DEBUG - Save part 'xl/worksheets/sheet16.xml'
17:37:09.641 [main] DEBUG - Save part 'xl/worksheets/sheet17.xml'
17:37:09.641 [main] DEBUG - Save part 'xl/worksheets/sheet18.xml'
17:37:09.641 [main] DEBUG - Save part 'xl/worksheets/sheet19.xml'
17:37:09.642 [main] DEBUG - Save part 'xl/worksheets/sheet20.xml'
17:37:09.642 [main] DEBUG - Save part 'xl/worksheets/sheet21.xml'
17:37:09.643 [main] DEBUG - Save part 'xl/worksheets/sheet22.xml'
17:37:09.643 [main] DEBUG - Save part 'xl/worksheets/sheet23.xml'
17:37:09.643 [main] DEBUG - Save part 'xl/worksheets/sheet24.xml'
17:37:09.643 [main] DEBUG - Save part 'xl/worksheets/sheet25.xml'
17:37:09.644 [main] DEBUG - Save part 'xl/worksheets/sheet26.xml'
17:37:09.644 [main] DEBUG - Save part 'xl/worksheets/sheet27.xml'
17:37:09.644 [main] DEBUG - Save part 'xl/worksheets/sheet28.xml'
17:37:09.645 [main] DEBUG - Save part 'xl/worksheets/sheet29.xml'
17:37:09.645 [main] DEBUG - Save part 'xl/worksheets/sheet30.xml'
17:37:09.645 [main] DEBUG - Save part 'xl/worksheets/sheet31.xml'
17:37:09.645 [main] DEBUG - Save part 'xl/worksheets/sheet32.xml'
17:37:09.646 [main] DEBUG - Save part 'xl/worksheets/sheet33.xml'
17:37:09.646 [main] DEBUG - Save part 'xl/worksheets/sheet34.xml'
17:37:09.646 [main] DEBUG - Save part 'xl/worksheets/sheet35.xml'
17:37:09.647 [main] DEBUG - Save part 'xl/worksheets/sheet36.xml'
17:37:09.647 [main] DEBUG - Save part 'xl/worksheets/sheet37.xml'
17:37:09.647 [main] DEBUG - Save part 'xl/worksheets/sheet38.xml'
17:37:09.647 [main] DEBUG - Save part 'xl/worksheets/sheet39.xml'
17:37:09.648 [main] DEBUG - Save part 'xl/worksheets/sheet40.xml'
17:37:09.648 [main] DEBUG - Save part 'xl/worksheets/sheet41.xml'
17:37:09.648 [main] DEBUG - Save part 'xl/worksheets/sheet42.xml'
17:37:09.648 [main] DEBUG - Save part 'xl/worksheets/sheet43.xml'
17:37:09.649 [main] DEBUG - Save part 'xl/worksheets/sheet44.xml'
17:37:09.649 [main] DEBUG - Save part 'xl/worksheets/sheet45.xml'
17:37:09.649 [main] DEBUG - Save part 'xl/worksheets/sheet46.xml'
17:37:09.650 [main] DEBUG - Save part 'xl/worksheets/sheet47.xml'
17:37:09.650 [main] DEBUG - Save part 'xl/worksheets/sheet48.xml'
17:37:09.650 [main] DEBUG - Save part 'xl/worksheets/sheet49.xml'
17:37:09.650 [main] DEBUG - Save part 'xl/worksheets/sheet50.xml'
17:37:09.651 [main] DEBUG - Save part 'xl/worksheets/sheet51.xml'
17:37:09.651 [main] DEBUG - Save part 'xl/worksheets/sheet52.xml'
17:37:09.651 [main] DEBUG - Save part 'xl/worksheets/sheet53.xml'
17:37:09.651 [main] DEBUG - Save part 'xl/worksheets/sheet54.xml'
17:37:10.455 [main] DEBUG - Parsing relationship: /xl/_rels/workbook.xml.rels
17:37:10.462 [main] DEBUG - Parsing relationship: /_rels/.rels
17:37:10.732 [main] DEBUG - Save content types part
17:37:10.732 [main] DEBUG - Save package relationships
17:37:10.732 [main] DEBUG - Save part 'docProps/app.xml'
17:37:10.732 [main] DEBUG - Save part 'docProps/core.xml'
17:37:10.732 [main] DEBUG - Save part 'xl/sharedStrings.xml'
17:37:10.732 [main] DEBUG - Save part 'xl/styles.xml'
17:37:10.732 [main] DEBUG - Save part 'xl/theme/theme1.xml'
17:37:10.732 [main] DEBUG - Save part 'xl/workbook.xml'
17:37:10.749 [main] DEBUG - Save part 'xl/worksheets/sheet1.xml'
17:37:10.749 [main] DEBUG - Save part 'xl/worksheets/sheet2.xml'
17:37:10.749 [main] DEBUG - Save part 'xl/worksheets/sheet3.xml'
17:37:10.749 [main] DEBUG - Save part 'xl/worksheets/sheet4.xml'
17:37:10.749 [main] DEBUG - Save part 'xl/worksheets/sheet5.xml'
17:37:10.749 [main] DEBUG - Save part 'xl/worksheets/sheet6.xml'
17:37:10.749 [main] DEBUG - Save part 'xl/worksheets/sheet7.xml'
17:37:10.749 [main] DEBUG - Save part 'xl/worksheets/sheet8.xml'
17:37:10.749 [main] DEBUG - Save part 'xl/worksheets/sheet9.xml'
17:37:10.749 [main] DEBUG - Save part 'xl/worksheets/sheet10.xml'
17:37:10.749 [main] DEBUG - Save part 'xl/worksheets/sheet11.xml'
17:37:10.749 [main] DEBUG - Save part 'xl/worksheets/sheet12.xml'
17:37:10.749 [main] DEBUG - Save part 'xl/worksheets/sheet13.xml'
17:37:10.749 [main] DEBUG - Save part 'xl/worksheets/sheet14.xml'
17:37:10.749 [main] DEBUG - Save part 'xl/worksheets/sheet15.xml'
17:37:10.749 [main] DEBUG - Save part 'xl/worksheets/sheet16.xml'
17:37:10.749 [main] DEBUG - Save part 'xl/worksheets/sheet17.xml'
17:37:10.749 [main] DEBUG - Save part 'xl/worksheets/sheet18.xml'
17:37:10.749 [main] DEBUG - Save part 'xl/worksheets/sheet19.xml'
17:37:10.757 [main] DEBUG - Save part 'xl/worksheets/sheet20.xml'
17:37:10.757 [main] DEBUG - Save part 'xl/worksheets/sheet21.xml'
17:37:10.757 [main] DEBUG - Save part 'xl/worksheets/sheet22.xml'
17:37:10.757 [main] DEBUG - Save part 'xl/worksheets/sheet23.xml'
17:37:10.757 [main] DEBUG - Save part 'xl/worksheets/sheet24.xml'
17:37:10.757 [main] DEBUG - Save part 'xl/worksheets/sheet25.xml'
17:37:10.757 [main] DEBUG - Save part 'xl/worksheets/sheet26.xml'
17:37:10.757 [main] DEBUG - Save part 'xl/worksheets/sheet27.xml'
17:37:10.757 [main] DEBUG - Save part 'xl/worksheets/sheet28.xml'
17:37:10.757 [main] DEBUG - Save part 'xl/worksheets/sheet29.xml'
17:37:10.757 [main] DEBUG - Save part 'xl/worksheets/sheet30.xml'
17:37:10.757 [main] DEBUG - Save part 'xl/worksheets/sheet31.xml'
17:37:10.757 [main] DEBUG - Save part 'xl/worksheets/sheet32.xml'
17:37:10.757 [main] DEBUG - Save part 'xl/worksheets/sheet33.xml'
17:37:10.757 [main] DEBUG - Save part 'xl/worksheets/sheet34.xml'
17:37:10.757 [main] DEBUG - Save part 'xl/worksheets/sheet35.xml'
17:37:10.757 [main] DEBUG - Save part 'xl/worksheets/sheet36.xml'
17:37:10.757 [main] DEBUG - Save part 'xl/worksheets/sheet37.xml'
17:37:10.757 [main] DEBUG - Save part 'xl/worksheets/sheet38.xml'
17:37:10.757 [main] DEBUG - Save part 'xl/worksheets/sheet39.xml'
17:37:10.757 [main] DEBUG - Save part 'xl/worksheets/sheet40.xml'
17:37:10.757 [main] DEBUG - Save part 'xl/worksheets/sheet41.xml'
17:37:10.757 [main] DEBUG - Save part 'xl/worksheets/sheet42.xml'
17:37:10.764 [main] DEBUG - Save part 'xl/worksheets/sheet43.xml'
17:37:10.764 [main] DEBUG - Save part 'xl/worksheets/sheet44.xml'
17:37:10.764 [main] DEBUG - Save part 'xl/worksheets/sheet45.xml'
17:37:10.764 [main] DEBUG - Save part 'xl/worksheets/sheet46.xml'
17:37:10.765 [main] DEBUG - Save part 'xl/worksheets/sheet47.xml'
17:37:10.765 [main] DEBUG - Save part 'xl/worksheets/sheet48.xml'
17:37:10.766 [main] DEBUG - Save part 'xl/worksheets/sheet49.xml'
17:37:10.766 [main] DEBUG - Save part 'xl/worksheets/sheet50.xml'
17:37:10.767 [main] DEBUG - Save part 'xl/worksheets/sheet51.xml'
17:37:10.767 [main] DEBUG - Save part 'xl/worksheets/sheet52.xml'
17:37:10.767 [main] DEBUG - Save part 'xl/worksheets/sheet53.xml'
17:37:10.768 [main] DEBUG - Save part 'xl/worksheets/sheet54.xml'
17:37:10.768 [main] DEBUG - Save part 'xl/worksheets/sheet55.xml'
17:37:23.844 [main] DEBUG - Parsing relationship: /xl/_rels/workbook.xml.rels
17:37:23.846 [main] DEBUG - Parsing relationship: /_rels/.rels
17:37:23.873 [main] TRACE - Resolving type for handle ctcola95ftype
17:37:23.897 [main] DEBUG - Save content types part
17:37:23.898 [main] DEBUG - Save package relationships
17:37:23.898 [main] DEBUG - Save part 'docProps/app.xml'
17:37:23.898 [main] DEBUG - Save part 'docProps/core.xml'
17:37:23.898 [main] DEBUG - Save part 'xl/sharedStrings.xml'
17:37:23.898 [main] DEBUG - Save part 'xl/styles.xml'
17:37:23.898 [main] DEBUG - Save part 'xl/theme/theme1.xml'
17:37:23.898 [main] DEBUG - Save part 'xl/workbook.xml'
17:37:23.898 [main] DEBUG - Save part 'xl/worksheets/sheet1.xml'
17:37:26.155 [main] DEBUG - Parsing relationship: /xl/_rels/workbook.xml.rels
17:37:26.157 [main] DEBUG - Parsing relationship: /_rels/.rels
17:37:26.183 [main] DEBUG - Save content types part
17:37:26.198 [main] DEBUG - Save package relationships
17:37:26.200 [main] DEBUG - Save part 'docProps/app.xml'
17:37:26.200 [main] DEBUG - Save part 'docProps/core.xml'
17:37:26.203 [main] DEBUG - Save part 'xl/sharedStrings.xml'
17:37:26.204 [main] DEBUG - Save part 'xl/styles.xml'
17:37:26.205 [main] DEBUG - Save part 'xl/theme/theme1.xml'
17:37:26.206 [main] DEBUG - Save part 'xl/workbook.xml'
17:37:26.211 [main] DEBUG - Save part 'xl/worksheets/sheet1.xml'
22:50:03.713 [main] INFO  - filter Result
22:50:04.962 [main] DEBUG - Parsing relationship: /xl/_rels/workbook.xml.rels
22:50:04.969 [main] DEBUG - Parsing relationship: /_rels/.rels
22:50:05.164 [main] TRACE - Loading type system org.apache.poi.schemas.ooxml.system.ooxml
22:50:05.167 [main] TRACE - Loading type system org.apache.xmlbeans.metadata.system.sXMLCONFIG
22:50:05.167 [main] TRACE - Loading type system org.apache.xmlbeans.metadata.system.sXMLLANG
22:50:05.167 [main] TRACE - Loading type system org.apache.xmlbeans.metadata.system.sXMLSCHEMA
22:50:05.168 [main] TRACE - Loading type system org.apache.xmlbeans.metadata.system.sXMLTOOLS
22:50:05.169 [main] TRACE - Reading unresolved handles for type system org.apache.xmlbeans.metadata.system.sXMLTOOLS
22:50:05.179 [main] TRACE - Finished loading type system org.apache.xmlbeans.metadata.system.sXMLTOOLS
22:50:05.180 [main] TRACE - Reading unresolved handles for type system org.apache.xmlbeans.metadata.system.sXMLSCHEMA
22:50:05.185 [main] TRACE - Finished loading type system org.apache.xmlbeans.metadata.system.sXMLSCHEMA
22:50:05.187 [main] TRACE - Reading unresolved handles for type system org.apache.xmlbeans.metadata.system.sXMLLANG
22:50:05.187 [main] TRACE - Finished loading type system org.apache.xmlbeans.metadata.system.sXMLLANG
22:50:05.188 [main] TRACE - Reading unresolved handles for type system org.apache.xmlbeans.metadata.system.sXMLCONFIG
22:50:05.189 [main] TRACE - Finished loading type system org.apache.xmlbeans.metadata.system.sXMLCONFIG
22:50:05.189 [main] TRACE - Reading unresolved handles for type system org.apache.poi.schemas.ooxml.system.ooxml
22:50:05.237 [main] TRACE - Finished loading type system org.apache.poi.schemas.ooxml.system.ooxml
22:50:05.238 [main] TRACE - Resolving type for handle themefd26doctype
22:50:05.350 [main] TRACE - Resolving type for handle stylesheet5d8bdoctype
22:50:05.356 [main] TRACE - Resolving type for handle ctstylesheet4257type
22:50:05.359 [main] TRACE - Resolving type for handle ctnumfmtsb58btype
22:50:05.362 [main] TRACE - Resolving type for handle ctfonts6623type
22:50:05.366 [main] TRACE - Resolving type for handle ctfont14d8type
22:50:05.373 [main] TRACE - Resolving type for handle ctfills2c6ftype
22:50:05.377 [main] TRACE - Resolving type for handle ctfill550ctype
22:50:05.380 [main] TRACE - Resolving type for handle ctborders0d66type
22:50:05.383 [main] TRACE - Resolving type for handle ctborderf935type
22:50:05.391 [main] TRACE - Resolving type for handle ctcellxfs1322type
22:50:05.394 [main] TRACE - Resolving type for handle ctxf97f7type
22:50:05.405 [main] TRACE - Resolving type for handle ctcellstylexfsa81ftype
22:50:05.408 [main] TRACE - Resolving type for handle ctdxfsb26atype
22:50:05.411 [main] TRACE - Resolving type for handle cttablestyles872ftype
22:50:05.416 [main] TRACE - Resolving type for handle sstf81fdoctype
22:50:05.422 [main] TRACE - Resolving type for handle ctsst44f3type
22:50:05.441 [main] TRACE - Resolving type for handle ctrsta472type
22:50:05.477 [main] TRACE - Resolving type for handle workbookec17doctype
22:50:05.483 [main] TRACE - Resolving type for handle ctworkbook83c3type
22:50:05.494 [main] TRACE - Resolving type for handle ctsheets49fdtype
22:50:05.500 [main] TRACE - Resolving type for handle ctsheet4dbetype
22:50:05.506 [main] TRACE - Resolving type for handle strelationshipid1e94type
22:50:05.510 [main] TRACE - Resolving type for handle worksheetf539doctype
22:50:05.515 [main] TRACE - Resolving type for handle ctworksheet530dtype
22:50:05.520 [main] TRACE - Resolving type for handle ctsheetdata8408type
22:50:05.527 [main] TRACE - Resolving type for handle ctcols627ctype
22:50:05.536 [main] TRACE - Resolving type for handle ctrowdd39type
22:50:05.546 [main] TRACE - Resolving type for handle ctcell842btype
22:50:05.552 [main] TRACE - Resolving type for handle stcellrefe4e0type
22:50:05.699 [main] TRACE - Resolving type for handle stxstringf179type
22:50:05.704 [main] TRACE - Resolving type for handle ctsheetformatprdef7type
22:50:05.715 [main] TRACE - Resolving type for handle ctsheetviewsb918type
22:50:05.718 [main] TRACE - Resolving type for handle ctsheetview0f43type
22:50:05.726 [main] TRACE - Resolving type for handle ctsheetdimensiond310type
22:50:05.729 [main] TRACE - Resolving type for handle stref90a2type
22:50:05.732 [main] TRACE - Resolving type for handle ctpagemargins5455type
22:50:05.739 [main] TRACE - Resolving type for handle stcelltypebf95type
22:50:05.786 [main] TRACE - Resolving type for handle stcellstylexfid70c7type
22:50:05.846 [main] TRACE - Resolving type for handle propertiesee84doctype
22:50:05.850 [main] TRACE - Resolving type for handle ctproperties3f10type
22:50:05.857 [main] TRACE - Resolving type for handle properties288cdoctype
22:50:05.860 [main] TRACE - Resolving type for handle ctproperties2c18type
22:50:05.875 [main] DEBUG - Save content types part
22:50:05.982 [main] DEBUG - Save package relationships
22:50:05.989 [main] DEBUG - Save part 'docProps/app.xml'
22:50:05.990 [main] DEBUG - Save part 'docProps/core.xml'
22:50:05.994 [main] DEBUG - Save part 'xl/sharedStrings.xml'
22:50:05.994 [main] DEBUG - Save part 'xl/styles.xml'
22:50:05.995 [main] DEBUG - Save part 'xl/theme/theme1.xml'
22:50:05.995 [main] DEBUG - Save part 'xl/workbook.xml'
22:50:05.998 [main] DEBUG - Save part 'xl/worksheets/sheet1.xml'
22:50:05.999 [main] DEBUG - Save part 'xl/worksheets/sheet2.xml'
22:50:05.999 [main] DEBUG - Save part 'xl/worksheets/sheet3.xml'
22:50:05.999 [main] DEBUG - Save part 'xl/worksheets/sheet4.xml'
22:50:05.999 [main] DEBUG - Save part 'xl/worksheets/sheet5.xml'
22:50:05.999 [main] DEBUG - Save part 'xl/worksheets/sheet6.xml'
22:50:06.000 [main] DEBUG - Save part 'xl/worksheets/sheet7.xml'
22:50:06.000 [main] DEBUG - Save part 'xl/worksheets/sheet8.xml'
22:50:06.000 [main] DEBUG - Save part 'xl/worksheets/sheet9.xml'
22:50:06.000 [main] DEBUG - Save part 'xl/worksheets/sheet10.xml'
22:50:06.000 [main] DEBUG - Save part 'xl/worksheets/sheet11.xml'
22:50:06.000 [main] DEBUG - Save part 'xl/worksheets/sheet12.xml'
22:50:06.001 [main] DEBUG - Save part 'xl/worksheets/sheet13.xml'
22:50:06.001 [main] DEBUG - Save part 'xl/worksheets/sheet14.xml'
22:50:06.001 [main] DEBUG - Save part 'xl/worksheets/sheet15.xml'
22:50:06.001 [main] DEBUG - Save part 'xl/worksheets/sheet16.xml'
22:50:06.001 [main] DEBUG - Save part 'xl/worksheets/sheet17.xml'
22:50:06.001 [main] DEBUG - Save part 'xl/worksheets/sheet18.xml'
22:50:06.002 [main] DEBUG - Save part 'xl/worksheets/sheet19.xml'
22:50:06.002 [main] DEBUG - Save part 'xl/worksheets/sheet20.xml'
22:50:06.002 [main] DEBUG - Save part 'xl/worksheets/sheet21.xml'
22:50:06.002 [main] DEBUG - Save part 'xl/worksheets/sheet22.xml'
22:50:06.002 [main] DEBUG - Save part 'xl/worksheets/sheet23.xml'
22:50:06.003 [main] DEBUG - Save part 'xl/worksheets/sheet24.xml'
22:50:06.003 [main] DEBUG - Save part 'xl/worksheets/sheet25.xml'
22:50:06.003 [main] DEBUG - Save part 'xl/worksheets/sheet26.xml'
22:50:06.003 [main] DEBUG - Save part 'xl/worksheets/sheet27.xml'
22:50:06.003 [main] DEBUG - Save part 'xl/worksheets/sheet28.xml'
22:50:06.003 [main] DEBUG - Save part 'xl/worksheets/sheet29.xml'
22:50:06.004 [main] DEBUG - Save part 'xl/worksheets/sheet30.xml'
22:50:06.004 [main] DEBUG - Save part 'xl/worksheets/sheet31.xml'
22:50:06.004 [main] DEBUG - Save part 'xl/worksheets/sheet32.xml'
22:50:06.004 [main] DEBUG - Save part 'xl/worksheets/sheet33.xml'
22:50:06.004 [main] DEBUG - Save part 'xl/worksheets/sheet34.xml'
