22:50:06.005 [main] DEBUG - Save part 'xl/worksheets/sheet35.xml'
22:50:06.021 [main] DEBUG - Save part 'xl/worksheets/sheet36.xml'
22:50:06.021 [main] DEBUG - Save part 'xl/worksheets/sheet37.xml'
22:50:06.022 [main] DEBUG - Save part 'xl/worksheets/sheet38.xml'
22:50:06.022 [main] DEBUG - Save part 'xl/worksheets/sheet39.xml'
22:50:06.023 [main] DEBUG - Save part 'xl/worksheets/sheet40.xml'
22:50:06.024 [main] DEBUG - Save part 'xl/worksheets/sheet41.xml'
22:50:06.024 [main] DEBUG - Save part 'xl/worksheets/sheet42.xml'
22:50:06.025 [main] DEBUG - Save part 'xl/worksheets/sheet43.xml'
22:50:06.026 [main] DEBUG - Save part 'xl/worksheets/sheet44.xml'
22:50:06.026 [main] DEBUG - Save part 'xl/worksheets/sheet45.xml'
22:50:06.027 [main] DEBUG - Save part 'xl/worksheets/sheet46.xml'
22:50:06.027 [main] DEBUG - Save part 'xl/worksheets/sheet47.xml'
22:50:06.028 [main] DEBUG - Save part 'xl/worksheets/sheet48.xml'
22:50:06.028 [main] DEBUG - Save part 'xl/worksheets/sheet49.xml'
22:50:06.028 [main] DEBUG - Save part 'xl/worksheets/sheet50.xml'
22:50:06.029 [main] DEBUG - Save part 'xl/worksheets/sheet51.xml'
22:50:06.029 [main] DEBUG - Save part 'xl/worksheets/sheet52.xml'
22:50:06.029 [main] DEBUG - Save part 'xl/worksheets/sheet53.xml'
22:50:06.030 [main] DEBUG - Save part 'xl/worksheets/sheet54.xml'
22:50:06.031 [main] DEBUG - Save part 'xl/worksheets/sheet55.xml'
22:50:06.031 [main] DEBUG - Save part 'xl/worksheets/sheet56.xml'
22:50:06.864 [main] DEBUG - Parsing relationship: /xl/_rels/workbook.xml.rels
22:50:06.868 [main] DEBUG - Parsing relationship: /_rels/.rels
22:50:07.103 [main] DEBUG - Save content types part
22:50:07.105 [main] DEBUG - Save package relationships
22:50:07.106 [main] DEBUG - Save part 'docProps/app.xml'
22:50:07.107 [main] DEBUG - Save part 'docProps/core.xml'
22:50:07.108 [main] DEBUG - Save part 'xl/sharedStrings.xml'
22:50:07.109 [main] DEBUG - Save part 'xl/styles.xml'
22:50:07.109 [main] DEBUG - Save part 'xl/theme/theme1.xml'
22:50:07.110 [main] DEBUG - Save part 'xl/workbook.xml'
22:50:07.112 [main] DEBUG - Save part 'xl/worksheets/sheet1.xml'
22:50:07.113 [main] DEBUG - Save part 'xl/worksheets/sheet2.xml'
22:50:07.113 [main] DEBUG - Save part 'xl/worksheets/sheet3.xml'
22:50:07.113 [main] DEBUG - Save part 'xl/worksheets/sheet4.xml'
22:50:07.113 [main] DEBUG - Save part 'xl/worksheets/sheet5.xml'
22:50:07.113 [main] DEBUG - Save part 'xl/worksheets/sheet6.xml'
22:50:07.114 [main] DEBUG - Save part 'xl/worksheets/sheet7.xml'
22:50:07.114 [main] DEBUG - Save part 'xl/worksheets/sheet8.xml'
22:50:07.114 [main] DEBUG - Save part 'xl/worksheets/sheet9.xml'
22:50:07.114 [main] DEBUG - Save part 'xl/worksheets/sheet10.xml'
22:50:07.114 [main] DEBUG - Save part 'xl/worksheets/sheet11.xml'
22:50:07.114 [main] DEBUG - Save part 'xl/worksheets/sheet12.xml'
22:50:07.115 [main] DEBUG - Save part 'xl/worksheets/sheet13.xml'
22:50:07.116 [main] DEBUG - Save part 'xl/worksheets/sheet14.xml'
22:50:07.116 [main] DEBUG - Save part 'xl/worksheets/sheet15.xml'
22:50:07.117 [main] DEBUG - Save part 'xl/worksheets/sheet16.xml'
22:50:07.117 [main] DEBUG - Save part 'xl/worksheets/sheet17.xml'
22:50:07.117 [main] DEBUG - Save part 'xl/worksheets/sheet18.xml'
22:50:07.118 [main] DEBUG - Save part 'xl/worksheets/sheet19.xml'
22:50:07.119 [main] DEBUG - Save part 'xl/worksheets/sheet20.xml'
22:50:07.119 [main] DEBUG - Save part 'xl/worksheets/sheet21.xml'
22:50:07.119 [main] DEBUG - Save part 'xl/worksheets/sheet22.xml'
22:50:07.120 [main] DEBUG - Save part 'xl/worksheets/sheet23.xml'
22:50:07.120 [main] DEBUG - Save part 'xl/worksheets/sheet24.xml'
22:50:07.120 [main] DEBUG - Save part 'xl/worksheets/sheet25.xml'
22:50:07.120 [main] DEBUG - Save part 'xl/worksheets/sheet26.xml'
22:50:07.121 [main] DEBUG - Save part 'xl/worksheets/sheet27.xml'
22:50:07.121 [main] DEBUG - Save part 'xl/worksheets/sheet28.xml'
22:50:07.121 [main] DEBUG - Save part 'xl/worksheets/sheet29.xml'
22:50:07.122 [main] DEBUG - Save part 'xl/worksheets/sheet30.xml'
22:50:07.122 [main] DEBUG - Save part 'xl/worksheets/sheet31.xml'
22:50:07.122 [main] DEBUG - Save part 'xl/worksheets/sheet32.xml'
22:50:07.123 [main] DEBUG - Save part 'xl/worksheets/sheet33.xml'
22:50:07.123 [main] DEBUG - Save part 'xl/worksheets/sheet34.xml'
22:50:07.123 [main] DEBUG - Save part 'xl/worksheets/sheet35.xml'
22:50:07.124 [main] DEBUG - Save part 'xl/worksheets/sheet36.xml'
22:50:07.124 [main] DEBUG - Save part 'xl/worksheets/sheet37.xml'
22:50:07.124 [main] DEBUG - Save part 'xl/worksheets/sheet38.xml'
22:50:07.124 [main] DEBUG - Save part 'xl/worksheets/sheet39.xml'
22:50:07.125 [main] DEBUG - Save part 'xl/worksheets/sheet40.xml'
22:50:07.125 [main] DEBUG - Save part 'xl/worksheets/sheet41.xml'
22:50:07.125 [main] DEBUG - Save part 'xl/worksheets/sheet42.xml'
22:50:07.126 [main] DEBUG - Save part 'xl/worksheets/sheet43.xml'
22:50:07.126 [main] DEBUG - Save part 'xl/worksheets/sheet44.xml'
22:50:07.126 [main] DEBUG - Save part 'xl/worksheets/sheet45.xml'
22:50:07.126 [main] DEBUG - Save part 'xl/worksheets/sheet46.xml'
22:50:07.127 [main] DEBUG - Save part 'xl/worksheets/sheet47.xml'
22:50:07.127 [main] DEBUG - Save part 'xl/worksheets/sheet48.xml'
22:50:07.127 [main] DEBUG - Save part 'xl/worksheets/sheet49.xml'
22:50:07.127 [main] DEBUG - Save part 'xl/worksheets/sheet50.xml'
22:50:07.127 [main] DEBUG - Save part 'xl/worksheets/sheet51.xml'
22:50:07.127 [main] DEBUG - Save part 'xl/worksheets/sheet52.xml'
22:50:07.128 [main] DEBUG - Save part 'xl/worksheets/sheet53.xml'
22:50:07.128 [main] DEBUG - Save part 'xl/worksheets/sheet54.xml'
22:50:07.128 [main] DEBUG - Save part 'xl/worksheets/sheet55.xml'
22:50:07.128 [main] DEBUG - Save part 'xl/worksheets/sheet56.xml'
22:50:07.128 [main] DEBUG - Save part 'xl/worksheets/sheet57.xml'
22:50:12.842 [main] DEBUG - Parsing relationship: /xl/_rels/workbook.xml.rels
22:50:12.843 [main] DEBUG - Parsing relationship: /_rels/.rels
22:50:12.867 [main] TRACE - Resolving type for handle ctcola95ftype
22:50:12.890 [main] DEBUG - Save content types part
22:50:12.892 [main] DEBUG - Save package relationships
22:50:12.893 [main] DEBUG - Save part 'docProps/app.xml'
22:50:12.893 [main] DEBUG - Save part 'docProps/core.xml'
22:50:12.896 [main] DEBUG - Save part 'xl/sharedStrings.xml'
22:50:12.897 [main] DEBUG - Save part 'xl/styles.xml'
22:50:12.897 [main] DEBUG - Save part 'xl/theme/theme1.xml'
22:50:12.898 [main] DEBUG - Save part 'xl/workbook.xml'
22:50:12.901 [main] DEBUG - Save part 'xl/worksheets/sheet1.xml'
22:50:14.124 [main] DEBUG - Parsing relationship: /xl/_rels/workbook.xml.rels
22:50:14.124 [main] DEBUG - Parsing relationship: /_rels/.rels
22:50:14.150 [main] DEBUG - Save content types part
22:50:14.152 [main] DEBUG - Save package relationships
22:50:14.152 [main] DEBUG - Save part 'docProps/app.xml'
22:50:14.153 [main] DEBUG - Save part 'docProps/core.xml'
22:50:14.154 [main] DEBUG - Save part 'xl/sharedStrings.xml'
22:50:14.154 [main] DEBUG - Save part 'xl/styles.xml'
22:50:14.154 [main] DEBUG - Save part 'xl/theme/theme1.xml'
22:50:14.154 [main] DEBUG - Save part 'xl/workbook.xml'
22:50:14.156 [main] DEBUG - Save part 'xl/worksheets/sheet1.xml'
22:51:50.497 [main] INFO  - filter Result
22:51:51.431 [main] DEBUG - Parsing relationship: /xl/_rels/workbook.xml.rels
22:51:51.440 [main] DEBUG - Parsing relationship: /_rels/.rels
22:51:51.620 [main] TRACE - Loading type system org.apache.poi.schemas.ooxml.system.ooxml
22:51:51.622 [main] TRACE - Loading type system org.apache.xmlbeans.metadata.system.sXMLCONFIG
22:51:51.623 [main] TRACE - Loading type system org.apache.xmlbeans.metadata.system.sXMLLANG
22:51:51.623 [main] TRACE - Loading type system org.apache.xmlbeans.metadata.system.sXMLSCHEMA
22:51:51.624 [main] TRACE - Loading type system org.apache.xmlbeans.metadata.system.sXMLTOOLS
22:51:51.625 [main] TRACE - Reading unresolved handles for type system org.apache.xmlbeans.metadata.system.sXMLTOOLS
22:51:51.637 [main] TRACE - Finished loading type system org.apache.xmlbeans.metadata.system.sXMLTOOLS
22:51:51.638 [main] TRACE - Reading unresolved handles for type system org.apache.xmlbeans.metadata.system.sXMLSCHEMA
22:51:51.643 [main] TRACE - Finished loading type system org.apache.xmlbeans.metadata.system.sXMLSCHEMA
22:51:51.644 [main] TRACE - Reading unresolved handles for type system org.apache.xmlbeans.metadata.system.sXMLLANG
22:51:51.645 [main] TRACE - Finished loading type system org.apache.xmlbeans.metadata.system.sXMLLANG
22:51:51.646 [main] TRACE - Reading unresolved handles for type system org.apache.xmlbeans.metadata.system.sXMLCONFIG
22:51:51.647 [main] TRACE - Finished loading type system org.apache.xmlbeans.metadata.system.sXMLCONFIG
22:51:51.648 [main] TRACE - Reading unresolved handles for type system org.apache.poi.schemas.ooxml.system.ooxml
22:51:51.688 [main] TRACE - Finished loading type system org.apache.poi.schemas.ooxml.system.ooxml
22:51:51.689 [main] TRACE - Resolving type for handle themefd26doctype
22:51:51.791 [main] TRACE - Resolving type for handle stylesheet5d8bdoctype
22:51:51.795 [main] TRACE - Resolving type for handle ctstylesheet4257type
22:51:51.797 [main] TRACE - Resolving type for handle ctnumfmtsb58btype
22:51:51.799 [main] TRACE - Resolving type for handle ctfonts6623type
22:51:51.800 [main] TRACE - Resolving type for handle ctfont14d8type
22:51:51.803 [main] TRACE - Resolving type for handle ctfills2c6ftype
22:51:51.805 [main] TRACE - Resolving type for handle ctfill550ctype
22:51:51.807 [main] TRACE - Resolving type for handle ctborders0d66type
22:51:51.809 [main] TRACE - Resolving type for handle ctborderf935type
22:51:51.814 [main] TRACE - Resolving type for handle ctcellxfs1322type
22:51:51.816 [main] TRACE - Resolving type for handle ctxf97f7type
22:51:51.819 [main] TRACE - Resolving type for handle ctcellstylexfsa81ftype
22:51:51.821 [main] TRACE - Resolving type for handle ctdxfsb26atype
22:51:51.823 [main] TRACE - Resolving type for handle cttablestyles872ftype
22:51:51.831 [main] TRACE - Resolving type for handle sstf81fdoctype
22:51:51.835 [main] TRACE - Resolving type for handle ctsst44f3type
22:51:51.859 [main] TRACE - Resolving type for handle ctrsta472type
22:51:51.887 [main] TRACE - Resolving type for handle workbookec17doctype
22:51:51.892 [main] TRACE - Resolving type for handle ctworkbook83c3type
22:51:51.915 [main] TRACE - Resolving type for handle ctsheets49fdtype
22:51:51.921 [main] TRACE - Resolving type for handle ctsheet4dbetype
22:51:51.928 [main] TRACE - Resolving type for handle strelationshipid1e94type
22:51:51.931 [main] TRACE - Resolving type for handle worksheetf539doctype
22:51:51.935 [main] TRACE - Resolving type for handle ctworksheet530dtype
22:51:51.944 [main] TRACE - Resolving type for handle ctsheetdata8408type
22:51:51.948 [main] TRACE - Resolving type for handle ctcols627ctype
22:51:51.958 [main] TRACE - Resolving type for handle ctrowdd39type
22:51:51.976 [main] TRACE - Resolving type for handle ctcell842btype
22:51:51.986 [main] TRACE - Resolving type for handle stcellrefe4e0type
22:51:52.142 [main] TRACE - Resolving type for handle stxstringf179type
22:51:52.149 [main] TRACE - Resolving type for handle ctsheetformatprdef7type
22:51:52.170 [main] TRACE - Resolving type for handle ctsheetviewsb918type
22:51:52.177 [main] TRACE - Resolving type for handle ctsheetview0f43type
22:51:52.189 [main] TRACE - Resolving type for handle ctsheetdimensiond310type
22:51:52.192 [main] TRACE - Resolving type for handle stref90a2type
22:51:52.194 [main] TRACE - Resolving type for handle ctpagemargins5455type
22:51:52.209 [main] TRACE - Resolving type for handle stcelltypebf95type
22:51:52.248 [main] TRACE - Resolving type for handle stcellstylexfid70c7type
22:51:52.312 [main] TRACE - Resolving type for handle propertiesee84doctype
22:51:52.315 [main] TRACE - Resolving type for handle ctproperties3f10type
22:51:52.328 [main] TRACE - Resolving type for handle properties288cdoctype
22:51:52.330 [main] TRACE - Resolving type for handle ctproperties2c18type
22:51:52.346 [main] DEBUG - Save content types part
22:51:52.454 [main] DEBUG - Save package relationships
22:51:52.458 [main] DEBUG - Save part 'docProps/app.xml'
22:51:52.459 [main] DEBUG - Save part 'docProps/core.xml'
22:51:52.462 [main] DEBUG - Save part 'xl/sharedStrings.xml'
22:51:52.462 [main] DEBUG - Save part 'xl/styles.xml'
22:51:52.462 [main] DEBUG - Save part 'xl/theme/theme1.xml'
22:51:52.463 [main] DEBUG - Save part 'xl/workbook.xml'
22:51:52.467 [main] DEBUG - Save part 'xl/worksheets/sheet1.xml'
22:51:52.467 [main] DEBUG - Save part 'xl/worksheets/sheet2.xml'
22:51:52.467 [main] DEBUG - Save part 'xl/worksheets/sheet3.xml'
22:51:52.468 [main] DEBUG - Save part 'xl/worksheets/sheet4.xml'
22:51:52.468 [main] DEBUG - Save part 'xl/worksheets/sheet5.xml'
22:51:52.468 [main] DEBUG - Save part 'xl/worksheets/sheet6.xml'
22:51:52.468 [main] DEBUG - Save part 'xl/worksheets/sheet7.xml'
22:51:52.468 [main] DEBUG - Save part 'xl/worksheets/sheet8.xml'
22:51:52.469 [main] DEBUG - Save part 'xl/worksheets/sheet9.xml'
22:51:52.469 [main] DEBUG - Save part 'xl/worksheets/sheet10.xml'
22:51:52.469 [main] DEBUG - Save part 'xl/worksheets/sheet11.xml'
22:51:52.469 [main] DEBUG - Save part 'xl/worksheets/sheet12.xml'
22:51:52.469 [main] DEBUG - Save part 'xl/worksheets/sheet13.xml'
22:51:52.469 [main] DEBUG - Save part 'xl/worksheets/sheet14.xml'
22:51:52.470 [main] DEBUG - Save part 'xl/worksheets/sheet15.xml'
22:51:52.470 [main] DEBUG - Save part 'xl/worksheets/sheet16.xml'
22:51:52.470 [main] DEBUG - Save part 'xl/worksheets/sheet17.xml'
22:51:52.470 [main] DEBUG - Save part 'xl/worksheets/sheet18.xml'
22:51:52.470 [main] DEBUG - Save part 'xl/worksheets/sheet19.xml'
22:51:52.470 [main] DEBUG - Save part 'xl/worksheets/sheet20.xml'
22:51:52.471 [main] DEBUG - Save part 'xl/worksheets/sheet21.xml'
22:51:52.471 [main] DEBUG - Save part 'xl/worksheets/sheet22.xml'
22:51:52.471 [main] DEBUG - Save part 'xl/worksheets/sheet23.xml'
22:51:52.471 [main] DEBUG - Save part 'xl/worksheets/sheet24.xml'
22:51:52.471 [main] DEBUG - Save part 'xl/worksheets/sheet25.xml'
22:51:52.471 [main] DEBUG - Save part 'xl/worksheets/sheet26.xml'
22:51:52.471 [main] DEBUG - Save part 'xl/worksheets/sheet27.xml'
22:51:52.472 [main] DEBUG - Save part 'xl/worksheets/sheet28.xml'
22:51:52.472 [main] DEBUG - Save part 'xl/worksheets/sheet29.xml'
22:51:52.472 [main] DEBUG - Save part 'xl/worksheets/sheet30.xml'
22:51:52.472 [main] DEBUG - Save part 'xl/worksheets/sheet31.xml'
22:51:52.472 [main] DEBUG - Save part 'xl/worksheets/sheet32.xml'
22:51:52.472 [main] DEBUG - Save part 'xl/worksheets/sheet33.xml'
22:51:52.472 [main] DEBUG - Save part 'xl/worksheets/sheet34.xml'
22:51:52.473 [main] DEBUG - Save part 'xl/worksheets/sheet35.xml'
22:51:52.474 [main] DEBUG - Save part 'xl/worksheets/sheet36.xml'
22:51:52.474 [main] DEBUG - Save part 'xl/worksheets/sheet37.xml'
22:51:52.474 [main] DEBUG - Save part 'xl/worksheets/sheet38.xml'
22:51:52.474 [main] DEBUG - Save part 'xl/worksheets/sheet39.xml'
22:51:52.475 [main] DEBUG - Save part 'xl/worksheets/sheet40.xml'
22:51:52.475 [main] DEBUG - Save part 'xl/worksheets/sheet41.xml'
22:51:52.475 [main] DEBUG - Save part 'xl/worksheets/sheet42.xml'
22:51:52.475 [main] DEBUG - Save part 'xl/worksheets/sheet43.xml'
22:51:52.475 [main] DEBUG - Save part 'xl/worksheets/sheet44.xml'
22:51:52.475 [main] DEBUG - Save part 'xl/worksheets/sheet45.xml'
22:51:52.476 [main] DEBUG - Save part 'xl/worksheets/sheet46.xml'
22:51:52.476 [main] DEBUG - Save part 'xl/worksheets/sheet47.xml'
22:51:52.476 [main] DEBUG - Save part 'xl/worksheets/sheet48.xml'
22:51:52.476 [main] DEBUG - Save part 'xl/worksheets/sheet49.xml'
22:51:52.476 [main] DEBUG - Save part 'xl/worksheets/sheet50.xml'
22:51:52.476 [main] DEBUG - Save part 'xl/worksheets/sheet51.xml'
22:51:52.477 [main] DEBUG - Save part 'xl/worksheets/sheet52.xml'
22:51:52.477 [main] DEBUG - Save part 'xl/worksheets/sheet53.xml'
22:51:52.477 [main] DEBUG - Save part 'xl/worksheets/sheet54.xml'
22:51:52.477 [main] DEBUG - Save part 'xl/worksheets/sheet55.xml'
22:51:52.477 [main] DEBUG - Save part 'xl/worksheets/sheet56.xml'
22:51:52.478 [main] DEBUG - Save part 'xl/worksheets/sheet57.xml'
22:51:52.478 [main] DEBUG - Save part 'xl/worksheets/sheet58.xml'
22:51:53.240 [main] DEBUG - Parsing relationship: /xl/_rels/workbook.xml.rels
22:51:53.243 [main] DEBUG - Parsing relationship: /_rels/.rels
22:51:53.368 [main] DEBUG - Save content types part
22:51:53.372 [main] DEBUG - Save package relationships
22:51:53.375 [main] DEBUG - Save part 'docProps/app.xml'
22:51:53.375 [main] DEBUG - Save part 'docProps/core.xml'
22:51:53.377 [main] DEBUG - Save part 'xl/sharedStrings.xml'
22:51:53.377 [main] DEBUG - Save part 'xl/styles.xml'
22:51:53.378 [main] DEBUG - Save part 'xl/theme/theme1.xml'
22:51:53.378 [main] DEBUG - Save part 'xl/workbook.xml'
22:51:53.382 [main] DEBUG - Save part 'xl/worksheets/sheet1.xml'
22:51:53.383 [main] DEBUG - Save part 'xl/worksheets/sheet2.xml'
22:51:53.383 [main] DEBUG - Save part 'xl/worksheets/sheet3.xml'
22:51:53.383 [main] DEBUG - Save part 'xl/worksheets/sheet4.xml'
22:51:53.383 [main] DEBUG - Save part 'xl/worksheets/sheet5.xml'
22:51:53.384 [main] DEBUG - Save part 'xl/worksheets/sheet6.xml'
22:51:53.384 [main] DEBUG - Save part 'xl/worksheets/sheet7.xml'
22:51:53.384 [main] DEBUG - Save part 'xl/worksheets/sheet8.xml'
22:51:53.384 [main] DEBUG - Save part 'xl/worksheets/sheet9.xml'
22:51:53.384 [main] DEBUG - Save part 'xl/worksheets/sheet10.xml'
22:51:53.384 [main] DEBUG - Save part 'xl/worksheets/sheet11.xml'
22:51:53.384 [main] DEBUG - Save part 'xl/worksheets/sheet12.xml'
22:51:53.385 [main] DEBUG - Save part 'xl/worksheets/sheet13.xml'
22:51:53.385 [main] DEBUG - Save part 'xl/worksheets/sheet14.xml'
22:51:53.385 [main] DEBUG - Save part 'xl/worksheets/sheet15.xml'
22:51:53.385 [main] DEBUG - Save part 'xl/worksheets/sheet16.xml'
22:51:53.385 [main] DEBUG - Save part 'xl/worksheets/sheet17.xml'
22:51:53.385 [main] DEBUG - Save part 'xl/worksheets/sheet18.xml'
22:51:53.386 [main] DEBUG - Save part 'xl/worksheets/sheet19.xml'
22:51:53.386 [main] DEBUG - Save part 'xl/worksheets/sheet20.xml'
22:51:53.386 [main] DEBUG - Save part 'xl/worksheets/sheet21.xml'
22:51:53.386 [main] DEBUG - Save part 'xl/worksheets/sheet22.xml'
22:51:53.386 [main] DEBUG - Save part 'xl/worksheets/sheet23.xml'
22:51:53.386 [main] DEBUG - Save part 'xl/worksheets/sheet24.xml'
22:51:53.386 [main] DEBUG - Save part 'xl/worksheets/sheet25.xml'
22:51:53.387 [main] DEBUG - Save part 'xl/worksheets/sheet26.xml'
22:51:53.387 [main] DEBUG - Save part 'xl/worksheets/sheet27.xml'
22:51:53.387 [main] DEBUG - Save part 'xl/worksheets/sheet28.xml'
22:51:53.387 [main] DEBUG - Save part 'xl/worksheets/sheet29.xml'
22:51:53.387 [main] DEBUG - Save part 'xl/worksheets/sheet30.xml'
22:51:53.387 [main] DEBUG - Save part 'xl/worksheets/sheet31.xml'
22:51:53.388 [main] DEBUG - Save part 'xl/worksheets/sheet32.xml'
22:51:53.388 [main] DEBUG - Save part 'xl/worksheets/sheet33.xml'
22:51:53.388 [main] DEBUG - Save part 'xl/worksheets/sheet34.xml'
22:51:53.388 [main] DEBUG - Save part 'xl/worksheets/sheet35.xml'
22:51:53.388 [main] DEBUG - Save part 'xl/worksheets/sheet36.xml'
22:51:53.388 [main] DEBUG - Save part 'xl/worksheets/sheet37.xml'
22:51:53.388 [main] DEBUG - Save part 'xl/worksheets/sheet38.xml'
22:51:53.389 [main] DEBUG - Save part 'xl/worksheets/sheet39.xml'
22:51:53.389 [main] DEBUG - Save part 'xl/worksheets/sheet40.xml'
22:51:53.389 [main] DEBUG - Save part 'xl/worksheets/sheet41.xml'
22:51:53.390 [main] DEBUG - Save part 'xl/worksheets/sheet42.xml'
22:51:53.390 [main] DEBUG - Save part 'xl/worksheets/sheet43.xml'
22:51:53.390 [main] DEBUG - Save part 'xl/worksheets/sheet44.xml'
22:51:53.390 [main] DEBUG - Save part 'xl/worksheets/sheet45.xml'
22:51:53.391 [main] DEBUG - Save part 'xl/worksheets/sheet46.xml'
22:51:53.391 [main] DEBUG - Save part 'xl/worksheets/sheet47.xml'
22:51:53.391 [main] DEBUG - Save part 'xl/worksheets/sheet48.xml'
22:51:53.391 [main] DEBUG - Save part 'xl/worksheets/sheet49.xml'
22:51:53.392 [main] DEBUG - Save part 'xl/worksheets/sheet50.xml'
22:51:53.392 [main] DEBUG - Save part 'xl/worksheets/sheet51.xml'
22:51:53.392 [main] DEBUG - Save part 'xl/worksheets/sheet52.xml'
22:51:53.392 [main] DEBUG - Save part 'xl/worksheets/sheet53.xml'
22:51:53.392 [main] DEBUG - Save part 'xl/worksheets/sheet54.xml'
22:51:53.392 [main] DEBUG - Save part 'xl/worksheets/sheet55.xml'
22:51:53.393 [main] DEBUG - Save part 'xl/worksheets/sheet56.xml'
22:51:53.393 [main] DEBUG - Save part 'xl/worksheets/sheet57.xml'
22:51:53.393 [main] DEBUG - Save part 'xl/worksheets/sheet58.xml'
22:51:53.393 [main] DEBUG - Save part 'xl/worksheets/sheet59.xml'
22:52:00.707 [main] DEBUG - Parsing relationship: /xl/_rels/workbook.xml.rels
22:52:00.707 [main] DEBUG - Parsing relationship: /_rels/.rels
22:52:00.729 [main] TRACE - Resolving type for handle ctcola95ftype
22:52:00.763 [main] DEBUG - Save content types part
22:52:00.765 [main] DEBUG - Save package relationships
22:52:00.766 [main] DEBUG - Save part 'docProps/app.xml'
22:52:00.767 [main] DEBUG - Save part 'docProps/core.xml'
22:52:00.768 [main] DEBUG - Save part 'xl/sharedStrings.xml'
22:52:00.768 [main] DEBUG - Save part 'xl/styles.xml'
22:52:00.768 [main] DEBUG - Save part 'xl/theme/theme1.xml'
22:52:00.768 [main] DEBUG - Save part 'xl/workbook.xml'
22:52:00.769 [main] DEBUG - Save part 'xl/worksheets/sheet1.xml'
22:52:02.198 [main] DEBUG - Parsing relationship: /xl/_rels/workbook.xml.rels
22:52:02.199 [main] DEBUG - Parsing relationship: /_rels/.rels
22:52:02.211 [main] DEBUG - Save content types part
22:52:02.212 [main] DEBUG - Save package relationships
22:52:02.213 [main] DEBUG - Save part 'docProps/app.xml'
22:52:02.214 [main] DEBUG - Save part 'docProps/core.xml'
22:52:02.215 [main] DEBUG - Save part 'xl/sharedStrings.xml'
22:52:02.215 [main] DEBUG - Save part 'xl/styles.xml'
22:52:02.215 [main] DEBUG - Save part 'xl/theme/theme1.xml'
22:52:02.215 [main] DEBUG - Save part 'xl/workbook.xml'
22:52:02.218 [main] DEBUG - Save part 'xl/worksheets/sheet1.xml'
11:24:08.238 [main] INFO  - filter Result
11:34:15.674 [main] INFO  - filter Result
11:38:36.287 [main] INFO  - filter Result
11:38:38.686 [main] DEBUG - Parsing relationship: /xl/_rels/workbook.xml.rels
11:38:38.705 [main] DEBUG - Parsing relationship: /_rels/.rels
11:38:39.078 [main] TRACE - Loading type system org.apache.poi.schemas.ooxml.system.ooxml
11:38:39.084 [main] TRACE - Loading type system org.apache.xmlbeans.metadata.system.sXMLCONFIG
11:38:39.085 [main] TRACE - Loading type system org.apache.xmlbeans.metadata.system.sXMLLANG
11:38:39.085 [main] TRACE - Loading type system org.apache.xmlbeans.metadata.system.sXMLSCHEMA
11:38:39.086 [main] TRACE - Loading type system org.apache.xmlbeans.metadata.system.sXMLTOOLS
11:38:39.087 [main] TRACE - Reading unresolved handles for type system org.apache.xmlbeans.metadata.system.sXMLTOOLS
11:38:39.109 [main] TRACE - Finished loading type system org.apache.xmlbeans.metadata.system.sXMLTOOLS
11:38:39.110 [main] TRACE - Reading unresolved handles for type system org.apache.xmlbeans.metadata.system.sXMLSCHEMA
11:38:39.117 [main] TRACE - Finished loading type system org.apache.xmlbeans.metadata.system.sXMLSCHEMA
11:38:39.118 [main] TRACE - Reading unresolved handles for type system org.apache.xmlbeans.metadata.system.sXMLLANG
11:38:39.122 [main] TRACE - Finished loading type system org.apache.xmlbeans.metadata.system.sXMLLANG
11:38:39.123 [main] TRACE - Reading unresolved handles for type system org.apache.xmlbeans.metadata.system.sXMLCONFIG
11:38:39.125 [main] TRACE - Finished loading type system org.apache.xmlbeans.metadata.system.sXMLCONFIG
11:38:39.129 [main] TRACE - Reading unresolved handles for type system org.apache.poi.schemas.ooxml.system.ooxml
11:38:39.222 [main] TRACE - Finished loading type system org.apache.poi.schemas.ooxml.system.ooxml
11:38:39.224 [main] TRACE - Resolving type for handle themefd26doctype
11:38:39.348 [main] TRACE - Resolving type for handle stylesheet5d8bdoctype
11:38:39.359 [main] TRACE - Resolving type for handle ctstylesheet4257type
11:38:39.366 [main] TRACE - Resolving type for handle ctnumfmtsb58btype
11:38:39.372 [main] TRACE - Resolving type for handle ctfonts6623type
11:38:39.377 [main] TRACE - Resolving type for handle ctfont14d8type
11:38:39.386 [main] TRACE - Resolving type for handle ctfills2c6ftype
11:38:39.390 [main] TRACE - Resolving type for handle ctfill550ctype
11:38:39.392 [main] TRACE - Resolving type for handle ctborders0d66type
11:38:39.397 [main] TRACE - Resolving type for handle ctborderf935type
11:38:39.403 [main] TRACE - Resolving type for handle ctcellxfs1322type
11:38:39.408 [main] TRACE - Resolving type for handle ctxf97f7type
11:38:39.412 [main] TRACE - Resolving type for handle ctcellstylexfsa81ftype
11:38:39.415 [main] TRACE - Resolving type for handle ctdxfsb26atype
11:38:39.419 [main] TRACE - Resolving type for handle cttablestyles872ftype
11:38:39.425 [main] TRACE - Resolving type for handle sstf81fdoctype
11:38:39.433 [main] TRACE - Resolving type for handle ctsst44f3type
11:38:39.454 [main] TRACE - Resolving type for handle ctrsta472type
11:38:39.512 [main] TRACE - Resolving type for handle workbookec17doctype
11:38:39.524 [main] TRACE - Resolving type for handle ctworkbook83c3type
11:38:39.570 [main] TRACE - Resolving type for handle ctsheets49fdtype
11:38:39.582 [main] TRACE - Resolving type for handle ctsheet4dbetype
11:38:39.597 [main] TRACE - Resolving type for handle strelationshipid1e94type
11:38:39.604 [main] TRACE - Resolving type for handle worksheetf539doctype
11:38:39.610 [main] TRACE - Resolving type for handle ctworksheet530dtype
11:38:39.622 [main] TRACE - Resolving type for handle ctsheetdata8408type
11:38:39.630 [main] TRACE - Resolving type for handle ctcols627ctype
11:38:39.651 [main] TRACE - Resolving type for handle ctrowdd39type
11:38:39.687 [main] TRACE - Resolving type for handle ctcell842btype
11:38:39.702 [main] TRACE - Resolving type for handle stcellrefe4e0type
11:38:39.975 [main] TRACE - Resolving type for handle stxstringf179type
11:38:39.995 [main] TRACE - Resolving type for handle ctsheetformatprdef7type
11:38:40.049 [main] TRACE - Resolving type for handle ctsheetviewsb918type
11:38:40.054 [main] TRACE - Resolving type for handle ctsheetview0f43type
11:38:40.072 [main] TRACE - Resolving type for handle ctsheetdimensiond310type
11:38:40.075 [main] TRACE - Resolving type for handle stref90a2type
11:38:40.083 [main] TRACE - Resolving type for handle ctpagemargins5455type
11:38:40.109 [main] TRACE - Resolving type for handle stcelltypebf95type
11:38:40.178 [main] TRACE - Resolving type for handle stcellstylexfid70c7type
11:38:40.332 [main] TRACE - Resolving type for handle propertiesee84doctype
11:38:40.339 [main] TRACE - Resolving type for handle ctproperties3f10type
11:38:40.364 [main] TRACE - Resolving type for handle properties288cdoctype
11:38:40.368 [main] TRACE - Resolving type for handle ctproperties2c18type
11:38:40.411 [main] DEBUG - Save content types part
11:38:40.588 [main] DEBUG - Save package relationships
11:38:40.597 [main] DEBUG - Save part 'docProps/app.xml'
11:38:40.599 [main] DEBUG - Save part 'docProps/core.xml'
11:38:40.603 [main] DEBUG - Save part 'xl/sharedStrings.xml'
11:38:40.604 [main] DEBUG - Save part 'xl/styles.xml'
11:38:40.605 [main] DEBUG - Save part 'xl/theme/theme1.xml'
11:38:40.606 [main] DEBUG - Save part 'xl/workbook.xml'
11:38:40.617 [main] DEBUG - Save part 'xl/worksheets/sheet1.xml'
11:38:40.618 [main] DEBUG - Save part 'xl/worksheets/sheet2.xml'
11:38:40.619 [main] DEBUG - Save part 'xl/worksheets/sheet3.xml'
11:38:40.619 [main] DEBUG - Save part 'xl/worksheets/sheet4.xml'
11:38:40.620 [main] DEBUG - Save part 'xl/worksheets/sheet5.xml'
11:38:40.620 [main] DEBUG - Save part 'xl/worksheets/sheet6.xml'
11:38:40.620 [main] DEBUG - Save part 'xl/worksheets/sheet7.xml'
11:38:40.620 [main] DEBUG - Save part 'xl/worksheets/sheet8.xml'
11:38:40.622 [main] DEBUG - Save part 'xl/worksheets/sheet9.xml'
11:38:40.622 [main] DEBUG - Save part 'xl/worksheets/sheet10.xml'
11:38:40.622 [main] DEBUG - Save part 'xl/worksheets/sheet11.xml'
11:38:40.622 [main] DEBUG - Save part 'xl/worksheets/sheet12.xml'
11:38:40.624 [main] DEBUG - Save part 'xl/worksheets/sheet13.xml'
11:38:40.624 [main] DEBUG - Save part 'xl/worksheets/sheet14.xml'
11:38:40.624 [main] DEBUG - Save part 'xl/worksheets/sheet15.xml'
11:38:40.624 [main] DEBUG - Save part 'xl/worksheets/sheet16.xml'
11:38:40.624 [main] DEBUG - Save part 'xl/worksheets/sheet17.xml'
11:38:40.624 [main] DEBUG - Save part 'xl/worksheets/sheet18.xml'
11:38:40.626 [main] DEBUG - Save part 'xl/worksheets/sheet19.xml'
11:38:40.626 [main] DEBUG - Save part 'xl/worksheets/sheet20.xml'
11:38:40.627 [main] DEBUG - Save part 'xl/worksheets/sheet21.xml'
11:38:40.627 [main] DEBUG - Save part 'xl/worksheets/sheet22.xml'
11:38:40.627 [main] DEBUG - Save part 'xl/worksheets/sheet23.xml'
11:38:40.627 [main] DEBUG - Save part 'xl/worksheets/sheet24.xml'
11:38:40.628 [main] DEBUG - Save part 'xl/worksheets/sheet25.xml'
11:38:40.628 [main] DEBUG - Save part 'xl/worksheets/sheet26.xml'
11:38:40.628 [main] DEBUG - Save part 'xl/worksheets/sheet27.xml'
11:38:40.628 [main] DEBUG - Save part 'xl/worksheets/sheet28.xml'
11:38:40.628 [main] DEBUG - Save part 'xl/worksheets/sheet29.xml'
11:38:40.628 [main] DEBUG - Save part 'xl/worksheets/sheet30.xml'
11:38:40.628 [main] DEBUG - Save part 'xl/worksheets/sheet31.xml'
11:38:40.628 [main] DEBUG - Save part 'xl/worksheets/sheet32.xml'
11:38:40.628 [main] DEBUG - Save part 'xl/worksheets/sheet33.xml'
11:38:40.628 [main] DEBUG - Save part 'xl/worksheets/sheet34.xml'
11:38:40.628 [main] DEBUG - Save part 'xl/worksheets/sheet35.xml'
11:38:40.628 [main] DEBUG - Save part 'xl/worksheets/sheet36.xml'
11:38:40.628 [main] DEBUG - Save part 'xl/worksheets/sheet37.xml'
11:38:40.628 [main] DEBUG - Save part 'xl/worksheets/sheet38.xml'
11:38:40.628 [main] DEBUG - Save part 'xl/worksheets/sheet39.xml'
11:38:40.628 [main] DEBUG - Save part 'xl/worksheets/sheet40.xml'
11:38:40.628 [main] DEBUG - Save part 'xl/worksheets/sheet41.xml'
11:38:40.628 [main] DEBUG - Save part 'xl/worksheets/sheet42.xml'
11:38:40.628 [main] DEBUG - Save part 'xl/worksheets/sheet43.xml'
11:38:40.628 [main] DEBUG - Save part 'xl/worksheets/sheet44.xml'
11:38:40.628 [main] DEBUG - Save part 'xl/worksheets/sheet45.xml'
11:38:40.628 [main] DEBUG - Save part 'xl/worksheets/sheet46.xml'
11:38:40.628 [main] DEBUG - Save part 'xl/worksheets/sheet47.xml'
11:38:40.628 [main] DEBUG - Save part 'xl/worksheets/sheet48.xml'
11:38:40.628 [main] DEBUG - Save part 'xl/worksheets/sheet49.xml'
11:38:40.628 [main] DEBUG - Save part 'xl/worksheets/sheet50.xml'
11:38:40.628 [main] DEBUG - Save part 'xl/worksheets/sheet51.xml'
11:38:40.628 [main] DEBUG - Save part 'xl/worksheets/sheet52.xml'
11:38:40.628 [main] DEBUG - Save part 'xl/worksheets/sheet53.xml'
11:38:40.628 [main] DEBUG - Save part 'xl/worksheets/sheet54.xml'
11:38:40.628 [main] DEBUG - Save part 'xl/worksheets/sheet55.xml'
11:38:40.628 [main] DEBUG - Save part 'xl/worksheets/sheet56.xml'
11:38:40.639 [main] DEBUG - Save part 'xl/worksheets/sheet57.xml'
11:38:40.639 [main] DEBUG - Save part 'xl/worksheets/sheet58.xml'
11:38:40.639 [main] DEBUG - Save part 'xl/worksheets/sheet59.xml'
11:38:40.639 [main] DEBUG - Save part 'xl/worksheets/sheet60.xml'
11:38:41.742 [main] DEBUG - Parsing relationship: /xl/_rels/workbook.xml.rels
11:38:41.749 [main] DEBUG - Parsing relationship: /_rels/.rels
11:38:42.041 [main] DEBUG - Save content types part
11:38:42.041 [main] DEBUG - Save package relationships
11:38:42.041 [main] DEBUG - Save part 'docProps/app.xml'
11:38:42.041 [main] DEBUG - Save part 'docProps/core.xml'
11:38:42.041 [main] DEBUG - Save part 'xl/sharedStrings.xml'
11:38:42.041 [main] DEBUG - Save part 'xl/styles.xml'
11:38:42.041 [main] DEBUG - Save part 'xl/theme/theme1.xml'
11:38:42.041 [main] DEBUG - Save part 'xl/workbook.xml'
11:38:42.057 [main] DEBUG - Save part 'xl/worksheets/sheet1.xml'
11:38:42.057 [main] DEBUG - Save part 'xl/worksheets/sheet2.xml'
11:38:42.057 [main] DEBUG - Save part 'xl/worksheets/sheet3.xml'
11:38:42.057 [main] DEBUG - Save part 'xl/worksheets/sheet4.xml'
11:38:42.057 [main] DEBUG - Save part 'xl/worksheets/sheet5.xml'
11:38:42.057 [main] DEBUG - Save part 'xl/worksheets/sheet6.xml'
11:38:42.057 [main] DEBUG - Save part 'xl/worksheets/sheet7.xml'
11:38:42.057 [main] DEBUG - Save part 'xl/worksheets/sheet8.xml'
11:38:42.057 [main] DEBUG - Save part 'xl/worksheets/sheet9.xml'
11:38:42.057 [main] DEBUG - Save part 'xl/worksheets/sheet10.xml'
11:38:42.057 [main] DEBUG - Save part 'xl/worksheets/sheet11.xml'
11:38:42.057 [main] DEBUG - Save part 'xl/worksheets/sheet12.xml'
11:38:42.057 [main] DEBUG - Save part 'xl/worksheets/sheet13.xml'
11:38:42.057 [main] DEBUG - Save part 'xl/worksheets/sheet14.xml'
11:38:42.064 [main] DEBUG - Save part 'xl/worksheets/sheet15.xml'
11:38:42.064 [main] DEBUG - Save part 'xl/worksheets/sheet16.xml'
11:38:42.064 [main] DEBUG - Save part 'xl/worksheets/sheet17.xml'
11:38:42.064 [main] DEBUG - Save part 'xl/worksheets/sheet18.xml'
11:38:42.065 [main] DEBUG - Save part 'xl/worksheets/sheet19.xml'
11:38:42.065 [main] DEBUG - Save part 'xl/worksheets/sheet20.xml'
11:38:42.065 [main] DEBUG - Save part 'xl/worksheets/sheet21.xml'
11:38:42.065 [main] DEBUG - Save part 'xl/worksheets/sheet22.xml'
11:38:42.066 [main] DEBUG - Save part 'xl/worksheets/sheet23.xml'
11:38:42.066 [main] DEBUG - Save part 'xl/worksheets/sheet24.xml'
11:38:42.066 [main] DEBUG - Save part 'xl/worksheets/sheet25.xml'
11:38:42.067 [main] DEBUG - Save part 'xl/worksheets/sheet26.xml'
11:38:42.067 [main] DEBUG - Save part 'xl/worksheets/sheet27.xml'
11:38:42.067 [main] DEBUG - Save part 'xl/worksheets/sheet28.xml'
11:38:42.067 [main] DEBUG - Save part 'xl/worksheets/sheet29.xml'
11:38:42.068 [main] DEBUG - Save part 'xl/worksheets/sheet30.xml'
11:38:42.068 [main] DEBUG - Save part 'xl/worksheets/sheet31.xml'
11:38:42.068 [main] DEBUG - Save part 'xl/worksheets/sheet32.xml'
11:38:42.069 [main] DEBUG - Save part 'xl/worksheets/sheet33.xml'
11:38:42.069 [main] DEBUG - Save part 'xl/worksheets/sheet34.xml'
11:38:42.069 [main] DEBUG - Save part 'xl/worksheets/sheet35.xml'
11:38:42.069 [main] DEBUG - Save part 'xl/worksheets/sheet36.xml'
11:38:42.070 [main] DEBUG - Save part 'xl/worksheets/sheet37.xml'
11:38:42.070 [main] DEBUG - Save part 'xl/worksheets/sheet38.xml'
11:38:42.070 [main] DEBUG - Save part 'xl/worksheets/sheet39.xml'
11:38:42.070 [main] DEBUG - Save part 'xl/worksheets/sheet40.xml'
11:38:42.071 [main] DEBUG - Save part 'xl/worksheets/sheet41.xml'
11:38:42.071 [main] DEBUG - Save part 'xl/worksheets/sheet42.xml'
11:38:42.071 [main] DEBUG - Save part 'xl/worksheets/sheet43.xml'
11:38:42.071 [main] DEBUG - Save part 'xl/worksheets/sheet44.xml'
11:38:42.072 [main] DEBUG - Save part 'xl/worksheets/sheet45.xml'
11:38:42.072 [main] DEBUG - Save part 'xl/worksheets/sheet46.xml'
11:38:42.072 [main] DEBUG - Save part 'xl/worksheets/sheet47.xml'
11:38:42.072 [main] DEBUG - Save part 'xl/worksheets/sheet48.xml'
11:38:42.073 [main] DEBUG - Save part 'xl/worksheets/sheet49.xml'
11:38:42.073 [main] DEBUG - Save part 'xl/worksheets/sheet50.xml'
11:38:42.073 [main] DEBUG - Save part 'xl/worksheets/sheet51.xml'
11:38:42.074 [main] DEBUG - Save part 'xl/worksheets/sheet52.xml'
11:38:42.074 [main] DEBUG - Save part 'xl/worksheets/sheet53.xml'
11:38:42.075 [main] DEBUG - Save part 'xl/worksheets/sheet54.xml'
11:38:42.075 [main] DEBUG - Save part 'xl/worksheets/sheet55.xml'
11:38:42.076 [main] DEBUG - Save part 'xl/worksheets/sheet56.xml'
11:38:42.077 [main] DEBUG - Save part 'xl/worksheets/sheet57.xml'
11:38:42.078 [main] DEBUG - Save part 'xl/worksheets/sheet58.xml'
11:38:42.078 [main] DEBUG - Save part 'xl/worksheets/sheet59.xml'
11:38:42.079 [main] DEBUG - Save part 'xl/worksheets/sheet60.xml'
11:38:42.079 [main] DEBUG - Save part 'xl/worksheets/sheet61.xml'
11:38:53.493 [main] DEBUG - Parsing relationship: /xl/_rels/workbook.xml.rels
11:38:53.494 [main] DEBUG - Parsing relationship: /_rels/.rels
11:38:53.524 [main] TRACE - Resolving type for handle ctcola95ftype
11:38:53.559 [main] DEBUG - Save content types part
11:38:53.563 [main] DEBUG - Save package relationships
11:38:53.565 [main] DEBUG - Save part 'docProps/app.xml'
11:38:53.565 [main] DEBUG - Save part 'docProps/core.xml'
11:38:53.568 [main] DEBUG - Save part 'xl/sharedStrings.xml'
11:38:53.568 [main] DEBUG - Save part 'xl/styles.xml'
11:38:53.569 [main] DEBUG - Save part 'xl/theme/theme1.xml'
11:38:53.570 [main] DEBUG - Save part 'xl/workbook.xml'
11:38:53.572 [main] DEBUG - Save part 'xl/worksheets/sheet1.xml'
11:38:58.877 [main] DEBUG - Parsing relationship: /xl/_rels/workbook.xml.rels
11:38:58.879 [main] DEBUG - Parsing relationship: /_rels/.rels
11:38:58.915 [main] DEBUG - Save content types part
11:38:58.921 [main] DEBUG - Save package relationships
11:38:58.923 [main] DEBUG - Save part 'docProps/app.xml'
11:38:58.925 [main] DEBUG - Save part 'docProps/core.xml'
11:38:58.927 [main] DEBUG - Save part 'xl/sharedStrings.xml'
11:38:58.929 [main] DEBUG - Save part 'xl/styles.xml'
11:38:58.929 [main] DEBUG - Save part 'xl/theme/theme1.xml'
11:38:58.931 [main] DEBUG - Save part 'xl/workbook.xml'
11:38:58.936 [main] DEBUG - Save part 'xl/worksheets/sheet1.xml'
